{"meta": {"format": 3, "version": "7.13.5", "timestamp": "2026-04-07T17:37:13.719749", "branch_coverage": false, "show_contexts": false}, "files": {"packages/core/src/matimo/__init__.py": {"executed_lines": [23, 25, 33, 44, 45, 51, 52, 57, 62, 93, 98, 104, 105, 106, 115, 120, 121, 122, 123, 135, 136, 141, 142, 143, 144, 145, 146, 147, 166, 176, 189, 198, 209, 214, 221], "summary": {"covered_lines": 35, "num_statements": 39, "percent_covered": 89.74358974358974, "percent_covered_display": "90", "missing_lines": 4, "excluded_lines": 2, "percent_statements_covered": 89.74358974358974, "percent_statements_covered_display": "90"}, "missing_lines": [172, 173, 182, 183], "excluded_lines": [27, 28], "functions": {"convert_tools_to_langchain": {"executed_lines": [], "summary": {"covered_lines": 0, "num_statements": 2, "percent_covered": 0.0, "percent_covered_display": "0", "missing_lines": 2, "excluded_lines": 0, "percent_statements_covered": 0.0, "percent_statements_covered_display": "0"}, "missing_lines": [172, 173], "excluded_lines": [], "start_line": 166}, "convert_tools_to_crewai": {"executed_lines": [], "summary": {"covered_lines": 0, "num_statements": 2, "percent_covered": 0.0, "percent_covered_display": "0", "missing_lines": 2, "excluded_lines": 0, "percent_statements_covered": 0.0, "percent_statements_covered_display": "0"}, "missing_lines": [182, 183], "excluded_lines": [], "start_line": 176}, "": {"executed_lines": [23, 25, 33, 44, 45, 51, 52, 57, 62, 93, 98, 104, 105, 106, 115, 120, 121, 122, 123, 135, 136, 141, 142, 143, 144, 145, 146, 147, 166, 176, 189, 198, 209, 214, 221], "summary": {"covered_lines": 35, "num_statements": 35, "percent_covered": 100.0, "percent_covered_display": "100", "missing_lines": 0, "excluded_lines": 2, "percent_statements_covered": 100.0, "percent_statements_covered_display": "100"}, "missing_lines": [], "excluded_lines": [27, 28], "start_line": 1}}, "classes": {"": {"executed_lines": [23, 25, 33, 44, 45, 51, 52, 57, 62, 93, 98, 104, 105, 106, 115, 120, 121, 122, 123, 135, 136, 141, 142, 143, 144, 145, 146, 147, 166, 176, 189, 198, 209, 214, 221], "summary": {"covered_lines": 35, "num_statements": 39, "percent_covered": 89.74358974358974, "percent_covered_display": "90", "missing_lines": 4, "excluded_lines": 2, "percent_statements_covered": 89.74358974358974, "percent_statements_covered_display": "90"}, "missing_lines": [172, 173, 182, 183], "excluded_lines": [27, 28], "start_line": 1}}}, "packages/core/src/matimo/approval/__init__.py": {"executed_lines": [], "summary": {"covered_lines": 0, "num_statements": 0, "percent_covered": 100.0, "percent_covered_display": "100", "missing_lines": 0, "excluded_lines": 0, "percent_statements_covered": 100.0, "percent_statements_covered_display": "100"}, "missing_lines": [], "excluded_lines": [], "functions": {"": {"executed_lines": [], "summary": {"covered_lines": 0, "num_statements": 0, "percent_covered": 100.0, "percent_covered_display": "100", "missing_lines": 0, "excluded_lines": 0, "percent_statements_covered": 100.0, "percent_statements_covered_display": "100"}, "missing_lines": [], "excluded_lines": [], "start_line": 1}}, "classes": {"": {"executed_lines": [], "summary": {"covered_lines": 0, "num_statements": 0, "percent_covered": 100.0, "percent_covered_display": "100", "missing_lines": 0, "excluded_lines": 0, "percent_statements_covered": 100.0, "percent_statements_covered_display": "100"}, "missing_lines": [], "excluded_lines": [], "start_line": 1}}}, "packages/core/src/matimo/approval/handler.py": {"executed_lines": [5, 7, 8, 9, 10, 11, 13, 16, 24, 25, 28, 29, 30, 33, 36, 48, 49, 52, 53, 54, 60, 62, 64, 70, 71, 74, 77, 78, 82, 85, 86, 87, 88, 91, 94, 98, 100, 105, 106, 110, 112, 120, 121, 122, 123, 124, 126, 127, 137, 140, 148], "summary": {"covered_lines": 51, "num_statements": 58, "percent_covered": 87.93103448275862, "percent_covered_display": "88", "missing_lines": 7, "excluded_lines": 0, "percent_statements_covered": 87.93103448275862, "percent_statements_covered_display": "88"}, "missing_lines": [107, 108, 114, 143, 144, 145, 151], "excluded_lines": [], "functions": {"ApprovalHandler.__init__": {"executed_lines": [49, 52, 53, 54], "summary": {"covered_lines": 4, "num_statements": 4, "percent_covered": 100.0, "percent_covered_display": "100", "missing_lines": 0, "excluded_lines": 0, "percent_statements_covered": 100.0, "percent_statements_covered_display": "100"}, "missing_lines": [], "excluded_lines": [], "start_line": 48}, "ApprovalHandler.set_approval_callback": {"executed_lines": [62], "summary": {"covered_lines": 1, "num_statements": 1, "percent_covered": 100.0, "percent_covered_display": "100", "missing_lines": 0, "excluded_lines": 0, "percent_statements_covered": 100.0, "percent_statements_covered_display": "100"}, "missing_lines": [], "excluded_lines": [], "start_line": 60}, "ApprovalHandler.request_approval": {"executed_lines": [70, 71, 74, 77, 78, 82, 85, 86, 87, 88, 91, 94, 98], "summary": {"covered_lines": 13, "num_statements": 13, "percent_covered": 100.0, "percent_covered_display": "100", "missing_lines": 0, "excluded_lines": 0, "percent_statements_covered": 100.0, "percent_statements_covered_display": "100"}, "missing_lines": [], "excluded_lines": [], "start_line": 64}, "ApprovalHandler.is_destructive": {"executed_lines": [105, 106, 110], "summary": {"covered_lines": 3, "num_statements": 5, "percent_covered": 60.0, "percent_covered_display": "60", "missing_lines": 2, "excluded_lines": 0, "percent_statements_covered": 60.0, "percent_statements_covered_display": "60"}, "missing_lines": [107, 108], "excluded_lines": [], "start_line": 100}, "ApprovalHandler.add_approved_pattern": {"executed_lines": [], "summary": {"covered_lines": 0, "num_statements": 1, "percent_covered": 0.0, "percent_covered_display": "0", "missing_lines": 1, "excluded_lines": 0, "percent_statements_covered": 0.0, "percent_statements_covered_display": "0"}, "missing_lines": [114], "excluded_lines": [], "start_line": 112}, "ApprovalHandler._load_approved_patterns": {"executed_lines": [121, 122, 123, 124], "summary": {"covered_lines": 4, "num_statements": 4, "percent_covered": 100.0, "percent_covered_display": "100", "missing_lines": 0, "excluded_lines": 0, "percent_statements_covered": 100.0, "percent_statements_covered_display": "100"}, "missing_lines": [], "excluded_lines": [], "start_line": 120}, "ApprovalHandler._matches_approved_pattern": {"executed_lines": [127], "summary": {"covered_lines": 1, "num_statements": 1, "percent_covered": 100.0, "percent_covered_display": "100", "missing_lines": 0, "excluded_lines": 0, "percent_statements_covered": 100.0, "percent_statements_covered_display": "100"}, "missing_lines": [], "excluded_lines": [], "start_line": 126}, "get_global_approval_handler": {"executed_lines": [], "summary": {"covered_lines": 0, "num_statements": 3, "percent_covered": 0.0, "percent_covered_display": "0", "missing_lines": 3, "excluded_lines": 0, "percent_statements_covered": 0.0, "percent_statements_covered_display": "0"}, "missing_lines": [143, 144, 145], "excluded_lines": [], "start_line": 140}, "set_global_approval_handler": {"executed_lines": [], "summary": {"covered_lines": 0, "num_statements": 1, "percent_covered": 0.0, "percent_covered_display": "0", "missing_lines": 1, "excluded_lines": 0, "percent_statements_covered": 0.0, "percent_statements_covered_display": "0"}, "missing_lines": [151], "excluded_lines": [], "start_line": 148}, "": {"executed_lines": [5, 7, 8, 9, 10, 11, 13, 16, 24, 25, 28, 29, 30, 33, 36, 48, 60, 64, 100, 112, 120, 126, 137, 140, 148], "summary": {"covered_lines": 25, "num_statements": 25, "percent_covered": 100.0, "percent_covered_display": "100", "missing_lines": 0, "excluded_lines": 0, "percent_statements_covered": 100.0, "percent_statements_covered_display": "100"}, "missing_lines": [], "excluded_lines": [], "start_line": 1}}, "classes": {"ApprovalRequest": {"executed_lines": [], "summary": {"covered_lines": 0, "num_statements": 0, "percent_covered": 100.0, "percent_covered_display": "100", "missing_lines": 0, "excluded_lines": 0, "percent_statements_covered": 100.0, "percent_statements_covered_display": "100"}, "missing_lines": [], "excluded_lines": [], "start_line": 25}, "ApprovalHandler": {"executed_lines": [49, 52, 53, 54, 62, 70, 71, 74, 77, 78, 82, 85, 86, 87, 88, 91, 94, 98, 105, 106, 110, 121, 122, 123, 124, 127], "summary": {"covered_lines": 26, "num_statements": 29, "percent_covered": 89.65517241379311, "percent_covered_display": "90", "missing_lines": 3, "excluded_lines": 0, "percent_statements_covered": 89.65517241379311, "percent_statements_covered_display": "90"}, "missing_lines": [107, 108, 114], "excluded_lines": [], "start_line": 36}, "": {"executed_lines": [5, 7, 8, 9, 10, 11, 13, 16, 24, 25, 28, 29, 30, 33, 36, 48, 60, 64, 100, 112, 120, 126, 137, 140, 148], "summary": {"covered_lines": 25, "num_statements": 29, "percent_covered": 86.20689655172414, "percent_covered_display": "86", "missing_lines": 4, "excluded_lines": 0, "percent_statements_covered": 86.20689655172414, "percent_statements_covered_display": "86"}, "missing_lines": [143, 144, 145, 151], "excluded_lines": [], "start_line": 1}}}, "packages/core/src/matimo/auth/__init__.py": {"executed_lines": [6, 7, 13, 14, 16], "summary": {"covered_lines": 5, "num_statements": 5, "percent_covered": 100.0, "percent_covered_display": "100", "missing_lines": 0, "excluded_lines": 0, "percent_statements_covered": 100.0, "percent_statements_covered_display": "100"}, "missing_lines": [], "excluded_lines": [], "functions": {"": {"executed_lines": [6, 7, 13, 14, 16], "summary": {"covered_lines": 5, "num_statements": 5, "percent_covered": 100.0, "percent_covered_display": "100", "missing_lines": 0, "excluded_lines": 0, "percent_statements_covered": 100.0, "percent_statements_covered_display": "100"}, "missing_lines": [], "excluded_lines": [], "start_line": 1}}, "classes": {"": {"executed_lines": [6, 7, 13, 14, 16], "summary": {"covered_lines": 5, "num_statements": 5, "percent_covered": 100.0, "percent_covered_display": "100", "missing_lines": 0, "excluded_lines": 0, "percent_statements_covered": 100.0, "percent_statements_covered_display": "100"}, "missing_lines": [], "excluded_lines": [], "start_line": 1}}}, "packages/core/src/matimo/auth/injection.py": {"executed_lines": [5, 7, 8, 9, 10, 12, 14, 17, 22, 25, 41, 42, 44, 46, 47, 49, 50, 51, 55, 56, 57, 58, 63, 66, 72, 73, 74, 76, 77, 78, 79, 80, 81, 92, 100, 111, 112, 115, 116, 117, 118, 121, 124, 125, 127, 128, 131, 132, 133, 134, 135, 136, 137, 138], "summary": {"covered_lines": 54, "num_statements": 65, "percent_covered": 83.07692307692308, "percent_covered_display": "83", "missing_lines": 11, "excluded_lines": 0, "percent_statements_covered": 83.07692307692308, "percent_statements_covered_display": "83"}, "missing_lines": [52, 83, 84, 85, 86, 88, 90, 126, 139, 140, 141], "excluded_lines": [], "functions": {"inject_auth_parameters": {"executed_lines": [41, 42, 44, 46, 47, 49, 50, 51, 55, 56, 57, 58, 63], "summary": {"covered_lines": 13, "num_statements": 14, "percent_covered": 92.85714285714286, "percent_covered_display": "93", "missing_lines": 1, "excluded_lines": 0, "percent_statements_covered": 92.85714285714286, "percent_statements_covered_display": "93"}, "missing_lines": [52], "excluded_lines": [], "start_line": 25}, "extract_parameter_placeholders": {"executed_lines": [72, 73, 74, 76, 77, 78, 79, 80, 81, 92], "summary": {"covered_lines": 10, "num_statements": 16, "percent_covered": 62.5, "percent_covered_display": "62", "missing_lines": 6, "excluded_lines": 0, "percent_statements_covered": 62.5, "percent_statements_covered_display": "62"}, "missing_lines": [83, 84, 85, 86, 88, 90], "excluded_lines": [], "start_line": 66}, "_resolve_auth_value": {"executed_lines": [111, 112, 115, 116, 117, 118, 121], "summary": {"covered_lines": 7, "num_statements": 7, "percent_covered": 100.0, "percent_covered_display": "100", "missing_lines": 0, "excluded_lines": 0, "percent_statements_covered": 100.0, "percent_statements_covered_display": "100"}, "missing_lines": [], "excluded_lines": [], "start_line": 100}, "_scan_string": {"executed_lines": [125, 127, 128], "summary": {"covered_lines": 3, "num_statements": 4, "percent_covered": 75.0, "percent_covered_display": "75", "missing_lines": 1, "excluded_lines": 0, "percent_statements_covered": 75.0, "percent_statements_covered_display": "75"}, "missing_lines": [126], "excluded_lines": [], "start_line": 124}, "_scan_object": {"executed_lines": [132, 133, 134, 135, 136, 137, 138], "summary": {"covered_lines": 7, "num_statements": 10, "percent_covered": 70.0, "percent_covered_display": "70", "missing_lines": 3, "excluded_lines": 0, "percent_statements_covered": 70.0, "percent_statements_covered_display": "70"}, "missing_lines": [139, 140, 141], "excluded_lines": [], "start_line": 131}, "": {"executed_lines": [5, 7, 8, 9, 10, 12, 14, 17, 22, 25, 66, 100, 124, 131], "summary": {"covered_lines": 14, "num_statements": 14, "percent_covered": 100.0, "percent_covered_display": "100", "missing_lines": 0, "excluded_lines": 0, "percent_statements_covered": 100.0, "percent_statements_covered_display": "100"}, "missing_lines": [], "excluded_lines": [], "start_line": 1}}, "classes": {"": {"executed_lines": [5, 7, 8, 9, 10, 12, 14, 17, 22, 25, 41, 42, 44, 46, 47, 49, 50, 51, 55, 56, 57, 58, 63, 66, 72, 73, 74, 76, 77, 78, 79, 80, 81, 92, 100, 111, 112, 115, 116, 117, 118, 121, 124, 125, 127, 128, 131, 132, 133, 134, 135, 136, 137, 138], "summary": {"covered_lines": 54, "num_statements": 65, "percent_covered": 83.07692307692308, "percent_covered_display": "83", "missing_lines": 11, "excluded_lines": 0, "percent_statements_covered": 83.07692307692308, "percent_statements_covered_display": "83"}, "missing_lines": [52, 83, 84, 85, 86, 88, 90, 126, 139, 140, 141], "excluded_lines": [], "start_line": 1}}}, "packages/core/src/matimo/auth/oauth2_config.py": {"executed_lines": [14, 16, 19, 21, 30, 38, 39, 40, 41, 42, 45, 48, 49, 50, 53, 56, 57, 58, 59, 60, 63, 71, 72, 73, 74, 75, 76], "summary": {"covered_lines": 27, "num_statements": 27, "percent_covered": 100.0, "percent_covered_display": "100", "missing_lines": 0, "excluded_lines": 0, "percent_statements_covered": 100.0, "percent_statements_covered_display": "100"}, "missing_lines": [], "excluded_lines": [], "functions": {"": {"executed_lines": [14, 16, 19, 21, 30, 38, 39, 40, 41, 42, 45, 48, 49, 50, 53, 56, 57, 58, 59, 60, 63, 71, 72, 73, 74, 75, 76], "summary": {"covered_lines": 27, "num_statements": 27, "percent_covered": 100.0, "percent_covered_display": "100", "missing_lines": 0, "excluded_lines": 0, "percent_statements_covered": 100.0, "percent_statements_covered_display": "100"}, "missing_lines": [], "excluded_lines": [], "start_line": 1}}, "classes": {"OAuth2Config": {"executed_lines": [], "summary": {"covered_lines": 0, "num_statements": 0, "percent_covered": 100.0, "percent_covered_display": "100", "missing_lines": 0, "excluded_lines": 0, "percent_statements_covered": 100.0, "percent_statements_covered_display": "100"}, "missing_lines": [], "excluded_lines": [], "start_line": 30}, "AuthorizationOptions": {"executed_lines": [], "summary": {"covered_lines": 0, "num_statements": 0, "percent_covered": 100.0, "percent_covered_display": "100", "missing_lines": 0, "excluded_lines": 0, "percent_statements_covered": 100.0, "percent_statements_covered_display": "100"}, "missing_lines": [], "excluded_lines": [], "start_line": 45}, "TokenResponse": {"executed_lines": [], "summary": {"covered_lines": 0, "num_statements": 0, "percent_covered": 100.0, "percent_covered_display": "100", "missing_lines": 0, "excluded_lines": 0, "percent_statements_covered": 100.0, "percent_statements_covered_display": "100"}, "missing_lines": [], "excluded_lines": [], "start_line": 53}, "OAuth2Token": {"executed_lines": [], "summary": {"covered_lines": 0, "num_statements": 0, "percent_covered": 100.0, "percent_covered_display": "100", "missing_lines": 0, "excluded_lines": 0, "percent_statements_covered": 100.0, "percent_statements_covered_display": "100"}, "missing_lines": [], "excluded_lines": [], "start_line": 63}, "": {"executed_lines": [14, 16, 19, 21, 30, 38, 39, 40, 41, 42, 45, 48, 49, 50, 53, 56, 57, 58, 59, 60, 63, 71, 72, 73, 74, 75, 76], "summary": {"covered_lines": 27, "num_statements": 27, "percent_covered": 100.0, "percent_covered_display": "100", "missing_lines": 0, "excluded_lines": 0, "percent_statements_covered": 100.0, "percent_statements_covered_display": "100"}, "missing_lines": [], "excluded_lines": [], "start_line": 1}}}, "packages/core/src/matimo/auth/oauth2_handler.py": {"executed_lines": [17, 19, 20, 21, 22, 24, 26, 32, 33, 34, 37, 60, 62, 83, 134, 135, 139, 158, 196, 239, 258, 262, 270, 273, 289], "summary": {"covered_lines": 25, "num_statements": 85, "percent_covered": 29.41176470588235, "percent_covered_display": "29", "missing_lines": 60, "excluded_lines": 0, "percent_statements_covered": 29.41176470588235, "percent_statements_covered_display": "29"}, "missing_lines": [67, 68, 74, 75, 76, 77, 93, 94, 97, 98, 99, 101, 102, 103, 110, 117, 118, 119, 121, 137, 141, 143, 152, 153, 154, 156, 162, 163, 164, 174, 175, 176, 177, 178, 186, 187, 200, 201, 203, 204, 210, 211, 212, 221, 222, 223, 228, 229, 241, 242, 244, 245, 246, 254, 256, 260, 264, 271, 279, 291], "excluded_lines": [], "functions": {"OAuth2Handler.__init__": {"executed_lines": [], "summary": {"covered_lines": 0, "num_statements": 6, "percent_covered": 0.0, "percent_covered_display": "0", "missing_lines": 6, "excluded_lines": 0, "percent_statements_covered": 0.0, "percent_statements_covered_display": "0"}, "missing_lines": [67, 68, 74, 75, 76, 77], "excluded_lines": [], "start_line": 62}, "OAuth2Handler._resolve_endpoints": {"executed_lines": [], "summary": {"covered_lines": 0, "num_statements": 13, "percent_covered": 0.0, "percent_covered_display": "0", "missing_lines": 13, "excluded_lines": 0, "percent_statements_covered": 0.0, "percent_statements_covered_display": "0"}, "missing_lines": [93, 94, 97, 98, 99, 101, 102, 103, 110, 117, 118, 119, 121], "excluded_lines": [], "start_line": 83}, "OAuth2Handler.endpoints": {"executed_lines": [], "summary": {"covered_lines": 0, "num_statements": 1, "percent_covered": 0.0, "percent_covered_display": "0", "missing_lines": 1, "excluded_lines": 0, "percent_statements_covered": 0.0, "percent_statements_covered_display": "0"}, "missing_lines": [137], "excluded_lines": [], "start_line": 135}, "OAuth2Handler.get_authorization_url": {"executed_lines": [], "summary": {"covered_lines": 0, "num_statements": 6, "percent_covered": 0.0, "percent_covered_display": "0", "missing_lines": 6, "excluded_lines": 0, "percent_statements_covered": 0.0, "percent_statements_covered_display": "0"}, "missing_lines": [141, 143, 152, 153, 154, 156], "excluded_lines": [], "start_line": 139}, "OAuth2Handler.exchange_code_for_token": {"executed_lines": [], "summary": {"covered_lines": 0, "num_statements": 10, "percent_covered": 0.0, "percent_covered_display": "0", "missing_lines": 10, "excluded_lines": 0, "percent_statements_covered": 0.0, "percent_statements_covered_display": "0"}, "missing_lines": [162, 163, 164, 174, 175, 176, 177, 178, 186, 187], "excluded_lines": [], "start_line": 158}, "OAuth2Handler.refresh_token_if_needed": {"executed_lines": [], "summary": {"covered_lines": 0, "num_statements": 12, "percent_covered": 0.0, "percent_covered_display": "0", "missing_lines": 12, "excluded_lines": 0, "percent_statements_covered": 0.0, "percent_statements_covered_display": "0"}, "missing_lines": [200, 201, 203, 204, 210, 211, 212, 221, 222, 223, 228, 229], "excluded_lines": [], "start_line": 196}, "OAuth2Handler.revoke_token": {"executed_lines": [], "summary": {"covered_lines": 0, "num_statements": 7, "percent_covered": 0.0, "percent_covered_display": "0", "missing_lines": 7, "excluded_lines": 0, "percent_statements_covered": 0.0, "percent_statements_covered_display": "0"}, "missing_lines": [241, 242, 244, 245, 246, 254, 256], "excluded_lines": [], "start_line": 239}, "OAuth2Handler.is_token_valid": {"executed_lines": [], "summary": {"covered_lines": 0, "num_statements": 1, "percent_covered": 0.0, "percent_covered_display": "0", "missing_lines": 1, "excluded_lines": 0, "percent_statements_covered": 0.0, "percent_statements_covered_display": "0"}, "missing_lines": [260], "excluded_lines": [], "start_line": 258}, "OAuth2Handler.set_token_refresh_buffer": {"executed_lines": [], "summary": {"covered_lines": 0, "num_statements": 1, "percent_covered": 0.0, "percent_covered_display": "0", "missing_lines": 1, "excluded_lines": 0, "percent_statements_covered": 0.0, "percent_statements_covered_display": "0"}, "missing_lines": [264], "excluded_lines": [], "start_line": 262}, "OAuth2Handler._is_token_expiring_soon": {"executed_lines": [], "summary": {"covered_lines": 0, "num_statements": 1, "percent_covered": 0.0, "percent_covered_display": "0", "missing_lines": 1, "excluded_lines": 0, "percent_statements_covered": 0.0, "percent_statements_covered_display": "0"}, "missing_lines": [271], "excluded_lines": [], "start_line": 270}, "OAuth2Handler._parse_token_response": {"executed_lines": [], "summary": {"covered_lines": 0, "num_statements": 1, "percent_covered": 0.0, "percent_covered_display": "0", "missing_lines": 1, "excluded_lines": 0, "percent_statements_covered": 0.0, "percent_statements_covered_display": "0"}, "missing_lines": [279], "excluded_lines": [], "start_line": 273}, "_now_ms": {"executed_lines": [], "summary": {"covered_lines": 0, "num_statements": 1, "percent_covered": 0.0, "percent_covered_display": "0", "missing_lines": 1, "excluded_lines": 0, "percent_statements_covered": 0.0, "percent_statements_covered_display": "0"}, "missing_lines": [291], "excluded_lines": [], "start_line": 289}, "": {"executed_lines": [17, 19, 20, 21, 22, 24, 26, 32, 33, 34, 37, 60, 62, 83, 134, 135, 139, 158, 196, 239, 258, 262, 270, 273, 289], "summary": {"covered_lines": 25, "num_statements": 25, "percent_covered": 100.0, "percent_covered_display": "100", "missing_lines": 0, "excluded_lines": 0, "percent_statements_covered": 100.0, "percent_statements_covered_display": "100"}, "missing_lines": [], "excluded_lines": [], "start_line": 1}}, "classes": {"OAuth2Handler": {"executed_lines": [], "summary": {"covered_lines": 0, "num_statements": 59, "percent_covered": 0.0, "percent_covered_display": "0", "missing_lines": 59, "excluded_lines": 0, "percent_statements_covered": 0.0, "percent_statements_covered_display": "0"}, "missing_lines": [67, 68, 74, 75, 76, 77, 93, 94, 97, 98, 99, 101, 102, 103, 110, 117, 118, 119, 121, 137, 141, 143, 152, 153, 154, 156, 162, 163, 164, 174, 175, 176, 177, 178, 186, 187, 200, 201, 203, 204, 210, 211, 212, 221, 222, 223, 228, 229, 241, 242, 244, 245, 246, 254, 256, 260, 264, 271, 279], "excluded_lines": [], "start_line": 37}, "": {"executed_lines": [17, 19, 20, 21, 22, 24, 26, 32, 33, 34, 37, 60, 62, 83, 134, 135, 139, 158, 196, 239, 258, 262, 270, 273, 289], "summary": {"covered_lines": 25, "num_statements": 26, "percent_covered": 96.15384615384616, "percent_covered_display": "96", "missing_lines": 1, "excluded_lines": 0, "percent_statements_covered": 96.15384615384616, "percent_statements_covered_display": "96"}, "missing_lines": [291], "excluded_lines": [], "start_line": 1}}}, "packages/core/src/matimo/auth/oauth2_provider_loader.py": {"executed_lines": [12, 14, 15, 17, 19, 20, 22, 25, 36, 41, 84, 88, 92, 98], "summary": {"covered_lines": 14, "num_statements": 43, "percent_covered": 32.55813953488372, "percent_covered_display": "33", "missing_lines": 29, "excluded_lines": 0, "percent_statements_covered": 32.55813953488372, "percent_statements_covered_display": "33"}, "missing_lines": [37, 38, 39, 48, 49, 50, 52, 53, 54, 56, 57, 58, 60, 61, 62, 63, 65, 66, 67, 69, 73, 74, 75, 86, 90, 94, 99, 100, 101], "excluded_lines": [], "functions": {"OAuth2ProviderLoader.__init__": {"executed_lines": [], "summary": {"covered_lines": 0, "num_statements": 3, "percent_covered": 0.0, "percent_covered_display": "0", "missing_lines": 3, "excluded_lines": 0, "percent_statements_covered": 0.0, "percent_statements_covered_display": "0"}, "missing_lines": [37, 38, 39], "excluded_lines": [], "start_line": 36}, "OAuth2ProviderLoader.load_providers": {"executed_lines": [], "summary": {"covered_lines": 0, "num_statements": 20, "percent_covered": 0.0, "percent_covered_display": "0", "missing_lines": 20, "excluded_lines": 0, "percent_statements_covered": 0.0, "percent_statements_covered_display": "0"}, "missing_lines": [48, 49, 50, 52, 53, 54, 56, 57, 58, 60, 61, 62, 63, 65, 66, 67, 69, 73, 74, 75], "excluded_lines": [], "start_line": 41}, "OAuth2ProviderLoader.get_provider": {"executed_lines": [], "summary": {"covered_lines": 0, "num_statements": 1, "percent_covered": 0.0, "percent_covered_display": "0", "missing_lines": 1, "excluded_lines": 0, "percent_statements_covered": 0.0, "percent_statements_covered_display": "0"}, "missing_lines": [86], "excluded_lines": [], "start_line": 84}, "OAuth2ProviderLoader.get_definition": {"executed_lines": [], "summary": {"covered_lines": 0, "num_statements": 1, "percent_covered": 0.0, "percent_covered_display": "0", "missing_lines": 1, "excluded_lines": 0, "percent_statements_covered": 0.0, "percent_statements_covered_display": "0"}, "missing_lines": [90], "excluded_lines": [], "start_line": 88}, "OAuth2ProviderLoader.list_providers": {"executed_lines": [], "summary": {"covered_lines": 0, "num_statements": 1, "percent_covered": 0.0, "percent_covered_display": "0", "missing_lines": 1, "excluded_lines": 0, "percent_statements_covered": 0.0, "percent_statements_covered_display": "0"}, "missing_lines": [94], "excluded_lines": [], "start_line": 92}, "OAuth2ProviderLoader._register_provider": {"executed_lines": [], "summary": {"covered_lines": 0, "num_statements": 3, "percent_covered": 0.0, "percent_covered_display": "0", "missing_lines": 3, "excluded_lines": 0, "percent_statements_covered": 0.0, "percent_statements_covered_display": "0"}, "missing_lines": [99, 100, 101], "excluded_lines": [], "start_line": 98}, "": {"executed_lines": [12, 14, 15, 17, 19, 20, 22, 25, 36, 41, 84, 88, 92, 98], "summary": {"covered_lines": 14, "num_statements": 14, "percent_covered": 100.0, "percent_covered_display": "100", "missing_lines": 0, "excluded_lines": 0, "percent_statements_covered": 100.0, "percent_statements_covered_display": "100"}, "missing_lines": [], "excluded_lines": [], "start_line": 1}}, "classes": {"OAuth2ProviderLoader": {"executed_lines": [], "summary": {"covered_lines": 0, "num_statements": 29, "percent_covered": 0.0, "percent_covered_display": "0", "missing_lines": 29, "excluded_lines": 0, "percent_statements_covered": 0.0, "percent_statements_covered_display": "0"}, "missing_lines": [37, 38, 39, 48, 49, 50, 52, 53, 54, 56, 57, 58, 60, 61, 62, 63, 65, 66, 67, 69, 73, 74, 75, 86, 90, 94, 99, 100, 101], "excluded_lines": [], "start_line": 25}, "": {"executed_lines": [12, 14, 15, 17, 19, 20, 22, 25, 36, 41, 84, 88, 92, 98], "summary": {"covered_lines": 14, "num_statements": 14, "percent_covered": 100.0, "percent_covered_display": "100", "missing_lines": 0, "excluded_lines": 0, "percent_statements_covered": 100.0, "percent_statements_covered_display": "100"}, "missing_lines": [], "excluded_lines": [], "start_line": 1}}}, "packages/core/src/matimo/core/__init__.py": {"executed_lines": [], "summary": {"covered_lines": 0, "num_statements": 0, "percent_covered": 100.0, "percent_covered_display": "100", "missing_lines": 0, "excluded_lines": 0, "percent_statements_covered": 100.0, "percent_statements_covered_display": "100"}, "missing_lines": [], "excluded_lines": [], "functions": {"": {"executed_lines": [], "summary": {"covered_lines": 0, "num_statements": 0, "percent_covered": 100.0, "percent_covered_display": "100", "missing_lines": 0, "excluded_lines": 0, "percent_statements_covered": 100.0, "percent_statements_covered_display": "100"}, "missing_lines": [], "excluded_lines": [], "start_line": 1}}, "classes": {"": {"executed_lines": [], "summary": {"covered_lines": 0, "num_statements": 0, "percent_covered": 100.0, "percent_covered_display": "100", "missing_lines": 0, "excluded_lines": 0, "percent_statements_covered": 100.0, "percent_statements_covered_display": "100"}, "missing_lines": [], "excluded_lines": [], "start_line": 1}}}, "packages/core/src/matimo/core/loader.py": {"executed_lines": [5, 7, 8, 9, 10, 12, 13, 15, 16, 18, 21, 24, 30, 36, 41, 42, 43, 49, 50, 59, 60, 65, 66, 74, 75, 81, 82, 83, 84, 91, 92, 98, 104, 105, 106, 107, 109, 111, 112, 113, 114, 115, 116, 117, 125, 127, 134, 135, 136, 137, 143, 190, 191, 193, 199], "summary": {"covered_lines": 55, "num_statements": 96, "percent_covered": 57.291666666666664, "percent_covered_display": "57", "missing_lines": 41, "excluded_lines": 0, "percent_statements_covered": 57.291666666666664, "percent_statements_covered_display": "57"}, "missing_lines": [51, 52, 118, 120, 121, 151, 152, 154, 157, 158, 160, 161, 162, 163, 164, 165, 166, 167, 170, 171, 172, 173, 176, 177, 178, 179, 180, 181, 182, 183, 184, 185, 187, 188, 203, 204, 205, 207, 208, 209, 210], "excluded_lines": [], "functions": {"ToolLoader.load_tool_from_file": {"executed_lines": [41, 42, 43, 49, 50, 59, 60, 65, 66, 74, 75, 81, 82, 83, 84, 91, 92], "summary": {"covered_lines": 17, "num_statements": 19, "percent_covered": 89.47368421052632, "percent_covered_display": "89", "missing_lines": 2, "excluded_lines": 0, "percent_statements_covered": 89.47368421052632, "percent_statements_covered_display": "89"}, "missing_lines": [51, 52], "excluded_lines": [], "start_line": 36}, "ToolLoader.load_tools_from_directory": {"executed_lines": [104, 105, 106, 107, 109, 111, 112, 113, 114, 115, 116, 117, 125], "summary": {"covered_lines": 13, "num_statements": 16, "percent_covered": 81.25, "percent_covered_display": "81", "missing_lines": 3, "excluded_lines": 0, "percent_statements_covered": 81.25, "percent_statements_covered_display": "81"}, "missing_lines": [118, 120, 121], "excluded_lines": [], "start_line": 98}, "ToolLoader.load_tools_from_multiple_paths": {"executed_lines": [134, 135, 136, 137], "summary": {"covered_lines": 4, "num_statements": 4, "percent_covered": 100.0, "percent_covered_display": "100", "missing_lines": 0, "excluded_lines": 0, "percent_statements_covered": 100.0, "percent_statements_covered_display": "100"}, "missing_lines": [], "excluded_lines": [], "start_line": 127}, "ToolLoader.auto_discover_packages": {"executed_lines": [], "summary": {"covered_lines": 0, "num_statements": 29, "percent_covered": 0.0, "percent_covered_display": "0", "missing_lines": 29, "excluded_lines": 0, "percent_statements_covered": 0.0, "percent_statements_covered_display": "0"}, "missing_lines": [151, 152, 154, 157, 158, 160, 161, 162, 163, 164, 165, 166, 167, 170, 171, 172, 173, 176, 177, 178, 179, 180, 181, 182, 183, 184, 185, 187, 188], "excluded_lines": [], "start_line": 143}, "ToolLoader.clear_discovery_cache": {"executed_lines": [193], "summary": {"covered_lines": 1, "num_statements": 1, "percent_covered": 100.0, "percent_covered_display": "100", "missing_lines": 0, "excluded_lines": 0, "percent_statements_covered": 100.0, "percent_statements_covered_display": "100"}, "missing_lines": [], "excluded_lines": [], "start_line": 191}, "ToolLoader.load_provider_definition": {"executed_lines": [], "summary": {"covered_lines": 0, "num_statements": 7, "percent_covered": 0.0, "percent_covered_display": "0", "missing_lines": 7, "excluded_lines": 0, "percent_statements_covered": 0.0, "percent_statements_covered_display": "0"}, "missing_lines": [203, 204, 205, 207, 208, 209, 210], "excluded_lines": [], "start_line": 199}, "": {"executed_lines": [5, 7, 8, 9, 10, 12, 13, 15, 16, 18, 21, 24, 30, 36, 98, 127, 143, 190, 191, 199], "summary": {"covered_lines": 20, "num_statements": 20, "percent_covered": 100.0, "percent_covered_display": "100", "missing_lines": 0, "excluded_lines": 0, "percent_statements_covered": 100.0, "percent_statements_covered_display": "100"}, "missing_lines": [], "excluded_lines": [], "start_line": 1}}, "classes": {"ToolLoader": {"executed_lines": [41, 42, 43, 49, 50, 59, 60, 65, 66, 74, 75, 81, 82, 83, 84, 91, 92, 104, 105, 106, 107, 109, 111, 112, 113, 114, 115, 116, 117, 125, 134, 135, 136, 137, 193], "summary": {"covered_lines": 35, "num_statements": 76, "percent_covered": 46.05263157894737, "percent_covered_display": "46", "missing_lines": 41, "excluded_lines": 0, "percent_statements_covered": 46.05263157894737, "percent_statements_covered_display": "46"}, "missing_lines": [51, 52, 118, 120, 121, 151, 152, 154, 157, 158, 160, 161, 162, 163, 164, 165, 166, 167, 170, 171, 172, 173, 176, 177, 178, 179, 180, 181, 182, 183, 184, 185, 187, 188, 203, 204, 205, 207, 208, 209, 210], "excluded_lines": [], "start_line": 24}, "": {"executed_lines": [5, 7, 8, 9, 10, 12, 13, 15, 16, 18, 21, 24, 30, 36, 98, 127, 143, 190, 191, 199], "summary": {"covered_lines": 20, "num_statements": 20, "percent_covered": 100.0, "percent_covered_display": "100", "missing_lines": 0, "excluded_lines": 0, "percent_statements_covered": 100.0, "percent_statements_covered_display": "100"}, "missing_lines": [], "excluded_lines": [], "start_line": 1}}}, "packages/core/src/matimo/core/models.py": {"executed_lines": [8, 10, 11, 13, 20, 21, 22, 23, 24, 25, 28, 31, 33, 34, 35, 36, 37, 38, 40, 41, 49, 50, 51, 52, 53, 54, 55, 58, 59, 60, 61, 64, 67, 69, 70, 71, 72, 73, 74, 75, 76, 84, 87, 88, 89, 90, 98, 101, 102, 103, 106, 113, 114, 117, 120, 121, 122, 123, 131, 134, 136, 137, 138, 139, 140, 141, 142, 143, 144, 145, 147, 148, 149, 151, 152, 153, 156, 159, 161, 162, 163, 164, 165, 166, 167, 170, 178, 180, 181, 182, 186, 197, 200, 202, 203, 204, 205, 206, 209, 212, 213, 214, 215, 218, 221, 222, 223, 224, 227, 230, 231, 232, 240, 248, 250, 251, 252, 253, 254, 255, 256, 257, 258, 259, 260, 261, 262, 263, 264, 267, 269, 270, 272, 274, 276, 278, 280, 281, 282, 290, 293, 294, 295, 296, 297, 298, 301, 304, 305, 306, 307, 310, 313, 314, 322, 325, 326, 327, 329, 332, 335, 337, 338, 339, 340, 341, 342, 345, 348, 350, 351, 352, 353, 354, 362, 365, 367, 368, 369, 370, 371, 372, 373, 376, 379, 380, 381, 382, 383, 384, 387, 390, 391, 392, 393, 394, 395, 398, 401, 402, 403, 404, 407, 410, 411, 412, 413, 414, 415, 416, 417, 420, 426, 427, 428, 429, 430, 431, 432, 433, 434, 435, 436, 437, 438, 439, 440, 443, 446, 447, 448, 449, 450, 451, 454, 457, 458, 459, 460, 461, 462, 463, 464, 467, 470, 471, 472, 473, 481, 484, 485, 486, 487, 495, 498, 499, 504, 505, 506, 510], "summary": {"covered_lines": 260, "num_statements": 261, "percent_covered": 99.61685823754789, "percent_covered_display": "99", "missing_lines": 1, "excluded_lines": 0, "percent_statements_covered": 99.61685823754789, "percent_statements_covered_display": "99"}, "missing_lines": [273], "excluded_lines": [], "functions": {"HttpExecution._normalise_method": {"executed_lines": [151, 152, 153], "summary": {"covered_lines": 3, "num_statements": 3, "percent_covered": 100.0, "percent_covered_display": "100", "missing_lines": 0, "excluded_lines": 0, "percent_statements_covered": 100.0, "percent_statements_covered_display": "100"}, "missing_lines": [], "excluded_lines": [], "start_line": 149}, "ToolDefinition._set_definition_path": {"executed_lines": [272, 274], "summary": {"covered_lines": 2, "num_statements": 3, "percent_covered": 66.66666666666667, "percent_covered_display": "67", "missing_lines": 1, "excluded_lines": 0, "percent_statements_covered": 66.66666666666667, "percent_statements_covered_display": "67"}, "missing_lines": [273], "excluded_lines": [], "start_line": 270}, "ToolDefinition.set_definition_path": {"executed_lines": [278], "summary": {"covered_lines": 1, "num_statements": 1, "percent_covered": 100.0, "percent_covered_display": "100", "missing_lines": 0, "excluded_lines": 0, "percent_statements_covered": 100.0, "percent_statements_covered_display": "100"}, "missing_lines": [], "excluded_lines": [], "start_line": 276}, "ToolDefinition.definition_path": {"executed_lines": [282], "summary": {"covered_lines": 1, "num_statements": 1, "percent_covered": 100.0, "percent_covered_display": "100", "missing_lines": 0, "excluded_lines": 0, "percent_statements_covered": 100.0, "percent_statements_covered_display": "100"}, "missing_lines": [], "excluded_lines": [], "start_line": 281}, "": {"executed_lines": [8, 10, 11, 13, 20, 21, 22, 23, 24, 25, 28, 31, 33, 34, 35, 36, 37, 38, 40, 41, 49, 50, 51, 52, 53, 54, 55, 58, 59, 60, 61, 64, 67, 69, 70, 71, 72, 73, 74, 75, 76, 84, 87, 88, 89, 90, 98, 101, 102, 103, 106, 113, 114, 117, 120, 121, 122, 123, 131, 134, 136, 137, 138, 139, 140, 141, 142, 143, 144, 145, 147, 148, 149, 156, 159, 161, 162, 163, 164, 165, 166, 167, 170, 178, 180, 181, 182, 186, 197, 200, 202, 203, 204, 205, 206, 209, 212, 213, 214, 215, 218, 221, 222, 223, 224, 227, 230, 231, 232, 240, 248, 250, 251, 252, 253, 254, 255, 256, 257, 258, 259, 260, 261, 262, 263, 264, 267, 269, 270, 276, 280, 281, 290, 293, 294, 295, 296, 297, 298, 301, 304, 305, 306, 307, 310, 313, 314, 322, 325, 326, 327, 329, 332, 335, 337, 338, 339, 340, 341, 342, 345, 348, 350, 351, 352, 353, 354, 362, 365, 367, 368, 369, 370, 371, 372, 373, 376, 379, 380, 381, 382, 383, 384, 387, 390, 391, 392, 393, 394, 395, 398, 401, 402, 403, 404, 407, 410, 411, 412, 413, 414, 415, 416, 417, 420, 426, 427, 428, 429, 430, 431, 432, 433, 434, 435, 436, 437, 438, 439, 440, 443, 446, 447, 448, 449, 450, 451, 454, 457, 458, 459, 460, 461, 462, 463, 464, 467, 470, 471, 472, 473, 481, 484, 485, 486, 487, 495, 498, 499, 504, 505, 506, 510], "summary": {"covered_lines": 253, "num_statements": 253, "percent_covered": 100.0, "percent_covered_display": "100", "missing_lines": 0, "excluded_lines": 0, "percent_statements_covered": 100.0, "percent_statements_covered_display": "100"}, "missing_lines": [], "excluded_lines": [], "start_line": 1}}, "classes": {"ParameterType": {"executed_lines": [], "summary": {"covered_lines": 0, "num_statements": 0, "percent_covered": 100.0, "percent_covered_display": "100", "missing_lines": 0, "excluded_lines": 0, "percent_statements_covered": 100.0, "percent_statements_covered_display": "100"}, "missing_lines": [], "excluded_lines": [], "start_line": 20}, "Parameter": {"executed_lines": [], "summary": {"covered_lines": 0, "num_statements": 0, "percent_covered": 100.0, "percent_covered_display": "100", "missing_lines": 0, "excluded_lines": 0, "percent_statements_covered": 100.0, "percent_statements_covered_display": "100"}, "missing_lines": [], "excluded_lines": [], "start_line": 28}, "AuthType": {"executed_lines": [], "summary": {"covered_lines": 0, "num_statements": 0, "percent_covered": 100.0, "percent_covered_display": "100", "missing_lines": 0, "excluded_lines": 0, "percent_statements_covered": 100.0, "percent_statements_covered_display": "100"}, "missing_lines": [], "excluded_lines": [], "start_line": 49}, "AuthLocation": {"executed_lines": [], "summary": {"covered_lines": 0, "num_statements": 0, "percent_covered": 100.0, "percent_covered_display": "100", "missing_lines": 0, "excluded_lines": 0, "percent_statements_covered": 100.0, "percent_statements_covered_display": "100"}, "missing_lines": [], "excluded_lines": [], "start_line": 58}, "AuthConfig": {"executed_lines": [], "summary": {"covered_lines": 0, "num_statements": 0, "percent_covered": 100.0, "percent_covered_display": "100", "missing_lines": 0, "excluded_lines": 0, "percent_statements_covered": 100.0, "percent_statements_covered_display": "100"}, "missing_lines": [], "excluded_lines": [], "start_line": 64}, "ToolStatus": {"executed_lines": [], "summary": {"covered_lines": 0, "num_statements": 0, "percent_covered": 100.0, "percent_covered_display": "100", "missing_lines": 0, "excluded_lines": 0, "percent_statements_covered": 100.0, "percent_statements_covered_display": "100"}, "missing_lines": [], "excluded_lines": [], "start_line": 84}, "ParameterEncodingType": {"executed_lines": [], "summary": {"covered_lines": 0, "num_statements": 0, "percent_covered": 100.0, "percent_covered_display": "100", "missing_lines": 0, "excluded_lines": 0, "percent_statements_covered": 100.0, "percent_statements_covered_display": "100"}, "missing_lines": [], "excluded_lines": [], "start_line": 98}, "ParameterEncoding": {"executed_lines": [], "summary": {"covered_lines": 0, "num_statements": 0, "percent_covered": 100.0, "percent_covered_display": "100", "missing_lines": 0, "excluded_lines": 0, "percent_statements_covered": 100.0, "percent_statements_covered_display": "100"}, "missing_lines": [], "excluded_lines": [], "start_line": 106}, "ParameterEncodingConfig": {"executed_lines": [], "summary": {"covered_lines": 0, "num_statements": 0, "percent_covered": 100.0, "percent_covered_display": "100", "missing_lines": 0, "excluded_lines": 0, "percent_statements_covered": 100.0, "percent_statements_covered_display": "100"}, "missing_lines": [], "excluded_lines": [], "start_line": 117}, "HttpExecution": {"executed_lines": [151, 152, 153], "summary": {"covered_lines": 3, "num_statements": 3, "percent_covered": 100.0, "percent_covered_display": "100", "missing_lines": 0, "excluded_lines": 0, "percent_statements_covered": 100.0, "percent_statements_covered_display": "100"}, "missing_lines": [], "excluded_lines": [], "start_line": 131}, "CommandExecution": {"executed_lines": [], "summary": {"covered_lines": 0, "num_statements": 0, "percent_covered": 100.0, "percent_covered_display": "100", "missing_lines": 0, "excluded_lines": 0, "percent_statements_covered": 100.0, "percent_statements_covered_display": "100"}, "missing_lines": [], "excluded_lines": [], "start_line": 156}, "FunctionExecution": {"executed_lines": [], "summary": {"covered_lines": 0, "num_statements": 0, "percent_covered": 100.0, "percent_covered_display": "100", "missing_lines": 0, "excluded_lines": 0, "percent_statements_covered": 100.0, "percent_statements_covered_display": "100"}, "missing_lines": [], "excluded_lines": [], "start_line": 170}, "OutputSchema": {"executed_lines": [], "summary": {"covered_lines": 0, "num_statements": 0, "percent_covered": 100.0, "percent_covered_display": "100", "missing_lines": 0, "excluded_lines": 0, "percent_statements_covered": 100.0, "percent_statements_covered_display": "100"}, "missing_lines": [], "excluded_lines": [], "start_line": 197}, "ErrorHandlingConfig": {"executed_lines": [], "summary": {"covered_lines": 0, "num_statements": 0, "percent_covered": 100.0, "percent_covered_display": "100", "missing_lines": 0, "excluded_lines": 0, "percent_statements_covered": 100.0, "percent_statements_covered_display": "100"}, "missing_lines": [], "excluded_lines": [], "start_line": 209}, "RateLimitConfig": {"executed_lines": [], "summary": {"covered_lines": 0, "num_statements": 0, "percent_covered": 100.0, "percent_covered_display": "100", "missing_lines": 0, "excluded_lines": 0, "percent_statements_covered": 100.0, "percent_statements_covered_display": "100"}, "missing_lines": [], "excluded_lines": [], "start_line": 218}, "ToolExample": {"executed_lines": [], "summary": {"covered_lines": 0, "num_statements": 0, "percent_covered": 100.0, "percent_covered_display": "100", "missing_lines": 0, "excluded_lines": 0, "percent_statements_covered": 100.0, "percent_statements_covered_display": "100"}, "missing_lines": [], "excluded_lines": [], "start_line": 227}, "ToolDefinition": {"executed_lines": [272, 274, 278, 282], "summary": {"covered_lines": 4, "num_statements": 5, "percent_covered": 80.0, "percent_covered_display": "80", "missing_lines": 1, "excluded_lines": 0, "percent_statements_covered": 80.0, "percent_statements_covered_display": "80"}, "missing_lines": [273], "excluded_lines": [], "start_line": 240}, "ExecutionResult": {"executed_lines": [], "summary": {"covered_lines": 0, "num_statements": 0, "percent_covered": 100.0, "percent_covered_display": "100", "missing_lines": 0, "excluded_lines": 0, "percent_statements_covered": 100.0, "percent_statements_covered_display": "100"}, "missing_lines": [], "excluded_lines": [], "start_line": 290}, "ValidationError": {"executed_lines": [], "summary": {"covered_lines": 0, "num_statements": 0, "percent_covered": 100.0, "percent_covered_display": "100", "missing_lines": 0, "excluded_lines": 0, "percent_statements_covered": 100.0, "percent_statements_covered_display": "100"}, "missing_lines": [], "excluded_lines": [], "start_line": 301}, "ValidationResult": {"executed_lines": [], "summary": {"covered_lines": 0, "num_statements": 0, "percent_covered": 100.0, "percent_covered_display": "100", "missing_lines": 0, "excluded_lines": 0, "percent_statements_covered": 100.0, "percent_statements_covered_display": "100"}, "missing_lines": [], "excluded_lines": [], "start_line": 310}, "OAuth2Endpoints": {"executed_lines": [], "summary": {"covered_lines": 0, "num_statements": 0, "percent_covered": 100.0, "percent_covered_display": "100", "missing_lines": 0, "excluded_lines": 0, "percent_statements_covered": 100.0, "percent_statements_covered_display": "100"}, "missing_lines": [], "excluded_lines": [], "start_line": 322}, "ProviderInfo": {"executed_lines": [], "summary": {"covered_lines": 0, "num_statements": 0, "percent_covered": 100.0, "percent_covered_display": "100", "missing_lines": 0, "excluded_lines": 0, "percent_statements_covered": 100.0, "percent_statements_covered_display": "100"}, "missing_lines": [], "excluded_lines": [], "start_line": 332}, "ProviderDefinition": {"executed_lines": [], "summary": {"covered_lines": 0, "num_statements": 0, "percent_covered": 100.0, "percent_covered_display": "100", "missing_lines": 0, "excluded_lines": 0, "percent_statements_covered": 100.0, "percent_statements_covered_display": "100"}, "missing_lines": [], "excluded_lines": [], "start_line": 345}, "SkillFrontmatter": {"executed_lines": [], "summary": {"covered_lines": 0, "num_statements": 0, "percent_covered": 100.0, "percent_covered_display": "100", "missing_lines": 0, "excluded_lines": 0, "percent_statements_covered": 100.0, "percent_statements_covered_display": "100"}, "missing_lines": [], "excluded_lines": [], "start_line": 362}, "SkillSection": {"executed_lines": [], "summary": {"covered_lines": 0, "num_statements": 0, "percent_covered": 100.0, "percent_covered_display": "100", "missing_lines": 0, "excluded_lines": 0, "percent_statements_covered": 100.0, "percent_statements_covered_display": "100"}, "missing_lines": [], "excluded_lines": [], "start_line": 376}, "ParsedSkill": {"executed_lines": [], "summary": {"covered_lines": 0, "num_statements": 0, "percent_covered": 100.0, "percent_covered_display": "100", "missing_lines": 0, "excluded_lines": 0, "percent_statements_covered": 100.0, "percent_statements_covered_display": "100"}, "missing_lines": [], "excluded_lines": [], "start_line": 387}, "BundledResources": {"executed_lines": [], "summary": {"covered_lines": 0, "num_statements": 0, "percent_covered": 100.0, "percent_covered_display": "100", "missing_lines": 0, "excluded_lines": 0, "percent_statements_covered": 100.0, "percent_statements_covered_display": "100"}, "missing_lines": [], "excluded_lines": [], "start_line": 398}, "SkillCatalogInfo": {"executed_lines": [], "summary": {"covered_lines": 0, "num_statements": 0, "percent_covered": 100.0, "percent_covered_display": "100", "missing_lines": 0, "excluded_lines": 0, "percent_statements_covered": 100.0, "percent_statements_covered_display": "100"}, "missing_lines": [], "excluded_lines": [], "start_line": 407}, "SkillDefinition": {"executed_lines": [], "summary": {"covered_lines": 0, "num_statements": 0, "percent_covered": 100.0, "percent_covered_display": "100", "missing_lines": 0, "excluded_lines": 0, "percent_statements_covered": 100.0, "percent_statements_covered_display": "100"}, "missing_lines": [], "excluded_lines": [], "start_line": 420}, "SkillSummary": {"executed_lines": [], "summary": {"covered_lines": 0, "num_statements": 0, "percent_covered": 100.0, "percent_covered_display": "100", "missing_lines": 0, "excluded_lines": 0, "percent_statements_covered": 100.0, "percent_statements_covered_display": "100"}, "missing_lines": [], "excluded_lines": [], "start_line": 443}, "SearchSkillsOptions": {"executed_lines": [], "summary": {"covered_lines": 0, "num_statements": 0, "percent_covered": 100.0, "percent_covered_display": "100", "missing_lines": 0, "excluded_lines": 0, "percent_statements_covered": 100.0, "percent_statements_covered_display": "100"}, "missing_lines": [], "excluded_lines": [], "start_line": 454}, "SkillContentOptions": {"executed_lines": [], "summary": {"covered_lines": 0, "num_statements": 0, "percent_covered": 100.0, "percent_covered_display": "100", "missing_lines": 0, "excluded_lines": 0, "percent_statements_covered": 100.0, "percent_statements_covered_display": "100"}, "missing_lines": [], "excluded_lines": [], "start_line": 467}, "PolicyContext": {"executed_lines": [], "summary": {"covered_lines": 0, "num_statements": 0, "percent_covered": 100.0, "percent_covered_display": "100", "missing_lines": 0, "excluded_lines": 0, "percent_statements_covered": 100.0, "percent_statements_covered_display": "100"}, "missing_lines": [], "excluded_lines": [], "start_line": 481}, "ExecuteOptions": {"executed_lines": [], "summary": {"covered_lines": 0, "num_statements": 0, "percent_covered": 100.0, "percent_covered_display": "100", "missing_lines": 0, "excluded_lines": 0, "percent_statements_covered": 100.0, "percent_statements_covered_display": "100"}, "missing_lines": [], "excluded_lines": [], "start_line": 495}, "": {"executed_lines": [8, 10, 11, 13, 20, 21, 22, 23, 24, 25, 28, 31, 33, 34, 35, 36, 37, 38, 40, 41, 49, 50, 51, 52, 53, 54, 55, 58, 59, 60, 61, 64, 67, 69, 70, 71, 72, 73, 74, 75, 76, 84, 87, 88, 89, 90, 98, 101, 102, 103, 106, 113, 114, 117, 120, 121, 122, 123, 131, 134, 136, 137, 138, 139, 140, 141, 142, 143, 144, 145, 147, 148, 149, 156, 159, 161, 162, 163, 164, 165, 166, 167, 170, 178, 180, 181, 182, 186, 197, 200, 202, 203, 204, 205, 206, 209, 212, 213, 214, 215, 218, 221, 222, 223, 224, 227, 230, 231, 232, 240, 248, 250, 251, 252, 253, 254, 255, 256, 257, 258, 259, 260, 261, 262, 263, 264, 267, 269, 270, 276, 280, 281, 290, 293, 294, 295, 296, 297, 298, 301, 304, 305, 306, 307, 310, 313, 314, 322, 325, 326, 327, 329, 332, 335, 337, 338, 339, 340, 341, 342, 345, 348, 350, 351, 352, 353, 354, 362, 365, 367, 368, 369, 370, 371, 372, 373, 376, 379, 380, 381, 382, 383, 384, 387, 390, 391, 392, 393, 394, 395, 398, 401, 402, 403, 404, 407, 410, 411, 412, 413, 414, 415, 416, 417, 420, 426, 427, 428, 429, 430, 431, 432, 433, 434, 435, 436, 437, 438, 439, 440, 443, 446, 447, 448, 449, 450, 451, 454, 457, 458, 459, 460, 461, 462, 463, 464, 467, 470, 471, 472, 473, 481, 484, 485, 486, 487, 495, 498, 499, 504, 505, 506, 510], "summary": {"covered_lines": 253, "num_statements": 253, "percent_covered": 100.0, "percent_covered_display": "100", "missing_lines": 0, "excluded_lines": 0, "percent_statements_covered": 100.0, "percent_statements_covered_display": "100"}, "missing_lines": [], "excluded_lines": [], "start_line": 1}}}, "packages/core/src/matimo/core/registry.py": {"executed_lines": [5, 7, 8, 10, 11, 13, 16, 22, 23, 24, 30, 35, 36, 41, 42, 43, 45, 50, 51, 52, 53, 55, 57, 58, 60, 69, 71, 73, 75, 76, 77, 82, 84, 92, 94, 96, 98, 99, 101, 106, 107, 112, 114, 116, 118, 119, 121, 125, 127, 128, 129, 130, 136, 139, 142, 149, 150, 151, 153, 154, 155, 157], "summary": {"covered_lines": 62, "num_statements": 73, "percent_covered": 84.93150684931507, "percent_covered_display": "85", "missing_lines": 11, "excluded_lines": 0, "percent_statements_covered": 84.93150684931507, "percent_statements_covered_display": "85"}, "missing_lines": [62, 63, 86, 126, 137, 140, 143, 156, 158, 159, 160], "excluded_lines": [], "functions": {"ToolRegistry.__init__": {"executed_lines": [23, 24], "summary": {"covered_lines": 2, "num_statements": 2, "percent_covered": 100.0, "percent_covered_display": "100", "missing_lines": 0, "excluded_lines": 0, "percent_statements_covered": 100.0, "percent_statements_covered_display": "100"}, "missing_lines": [], "excluded_lines": [], "start_line": 22}, "ToolRegistry.register": {"executed_lines": [35, 36, 41, 42, 43], "summary": {"covered_lines": 5, "num_statements": 5, "percent_covered": 100.0, "percent_covered_display": "100", "missing_lines": 0, "excluded_lines": 0, "percent_statements_covered": 100.0, "percent_statements_covered_display": "100"}, "missing_lines": [], "excluded_lines": [], "start_line": 30}, "ToolRegistry.register_or_replace": {"executed_lines": [50, 51, 52, 53], "summary": {"covered_lines": 4, "num_statements": 4, "percent_covered": 100.0, "percent_covered_display": "100", "missing_lines": 0, "excluded_lines": 0, "percent_statements_covered": 100.0, "percent_statements_covered_display": "100"}, "missing_lines": [], "excluded_lines": [], "start_line": 45}, "ToolRegistry.register_all": {"executed_lines": [57, 58], "summary": {"covered_lines": 2, "num_statements": 2, "percent_covered": 100.0, "percent_covered_display": "100", "missing_lines": 0, "excluded_lines": 0, "percent_statements_covered": 100.0, "percent_statements_covered_display": "100"}, "missing_lines": [], "excluded_lines": [], "start_line": 55}, "ToolRegistry.register_all_replace": {"executed_lines": [], "summary": {"covered_lines": 0, "num_statements": 2, "percent_covered": 0.0, "percent_covered_display": "0", "missing_lines": 2, "excluded_lines": 0, "percent_statements_covered": 0.0, "percent_statements_covered_display": "0"}, "missing_lines": [62, 63], "excluded_lines": [], "start_line": 60}, "ToolRegistry.get": {"executed_lines": [71], "summary": {"covered_lines": 1, "num_statements": 1, "percent_covered": 100.0, "percent_covered_display": "100", "missing_lines": 0, "excluded_lines": 0, "percent_statements_covered": 100.0, "percent_statements_covered_display": "100"}, "missing_lines": [], "excluded_lines": [], "start_line": 69}, "ToolRegistry.get_or_raise": {"executed_lines": [75, 76, 77, 82], "summary": {"covered_lines": 4, "num_statements": 4, "percent_covered": 100.0, "percent_covered_display": "100", "missing_lines": 0, "excluded_lines": 0, "percent_statements_covered": 100.0, "percent_statements_covered_display": "100"}, "missing_lines": [], "excluded_lines": [], "start_line": 73}, "ToolRegistry.has": {"executed_lines": [], "summary": {"covered_lines": 0, "num_statements": 1, "percent_covered": 0.0, "percent_covered_display": "0", "missing_lines": 1, "excluded_lines": 0, "percent_statements_covered": 0.0, "percent_statements_covered_display": "0"}, "missing_lines": [86], "excluded_lines": [], "start_line": 84}, "ToolRegistry.get_all": {"executed_lines": [94], "summary": {"covered_lines": 1, "num_statements": 1, "percent_covered": 100.0, "percent_covered_display": "100", "missing_lines": 0, "excluded_lines": 0, "percent_statements_covered": 100.0, "percent_statements_covered_display": "100"}, "missing_lines": [], "excluded_lines": [], "start_line": 92}, "ToolRegistry.get_by_tag": {"executed_lines": [98, 99], "summary": {"covered_lines": 2, "num_statements": 2, "percent_covered": 100.0, "percent_covered_display": "100", "missing_lines": 0, "excluded_lines": 0, "percent_statements_covered": 100.0, "percent_statements_covered_display": "100"}, "missing_lines": [], "excluded_lines": [], "start_line": 96}, "ToolRegistry.search": {"executed_lines": [106, 107], "summary": {"covered_lines": 2, "num_statements": 2, "percent_covered": 100.0, "percent_covered_display": "100", "missing_lines": 0, "excluded_lines": 0, "percent_statements_covered": 100.0, "percent_statements_covered_display": "100"}, "missing_lines": [], "excluded_lines": [], "start_line": 101}, "ToolRegistry.count": {"executed_lines": [114], "summary": {"covered_lines": 1, "num_statements": 1, "percent_covered": 100.0, "percent_covered_display": "100", "missing_lines": 0, "excluded_lines": 0, "percent_statements_covered": 100.0, "percent_statements_covered_display": "100"}, "missing_lines": [], "excluded_lines": [], "start_line": 112}, "ToolRegistry.clear": {"executed_lines": [118, 119], "summary": {"covered_lines": 2, "num_statements": 2, "percent_covered": 100.0, "percent_covered_display": "100", "missing_lines": 0, "excluded_lines": 0, "percent_statements_covered": 100.0, "percent_statements_covered_display": "100"}, "missing_lines": [], "excluded_lines": [], "start_line": 116}, "ToolRegistry.remove": {"executed_lines": [125, 127, 128, 129, 130], "summary": {"covered_lines": 5, "num_statements": 6, "percent_covered": 83.33333333333333, "percent_covered_display": "83", "missing_lines": 1, "excluded_lines": 0, "percent_statements_covered": 83.33333333333333, "percent_statements_covered_display": "83"}, "missing_lines": [126], "excluded_lines": [], "start_line": 121}, "ToolRegistry.__iter__": {"executed_lines": [], "summary": {"covered_lines": 0, "num_statements": 1, "percent_covered": 0.0, "percent_covered_display": "0", "missing_lines": 1, "excluded_lines": 0, "percent_statements_covered": 0.0, "percent_statements_covered_display": "0"}, "missing_lines": [137], "excluded_lines": [], "start_line": 136}, "ToolRegistry.__len__": {"executed_lines": [], "summary": {"covered_lines": 0, "num_statements": 1, "percent_covered": 0.0, "percent_covered_display": "0", "missing_lines": 1, "excluded_lines": 0, "percent_statements_covered": 0.0, "percent_statements_covered_display": "0"}, "missing_lines": [140], "excluded_lines": [], "start_line": 139}, "ToolRegistry.__contains__": {"executed_lines": [], "summary": {"covered_lines": 0, "num_statements": 1, "percent_covered": 0.0, "percent_covered_display": "0", "missing_lines": 1, "excluded_lines": 0, "percent_statements_covered": 0.0, "percent_statements_covered_display": "0"}, "missing_lines": [143], "excluded_lines": [], "start_line": 142}, "ToolRegistry._index_tags": {"executed_lines": [150, 151], "summary": {"covered_lines": 2, "num_statements": 2, "percent_covered": 100.0, "percent_covered_display": "100", "missing_lines": 0, "excluded_lines": 0, "percent_statements_covered": 100.0, "percent_statements_covered_display": "100"}, "missing_lines": [], "excluded_lines": [], "start_line": 149}, "ToolRegistry._remove_tag_index": {"executed_lines": [154, 155, 157], "summary": {"covered_lines": 3, "num_statements": 7, "percent_covered": 42.857142857142854, "percent_covered_display": "43", "missing_lines": 4, "excluded_lines": 0, "percent_statements_covered": 42.857142857142854, "percent_statements_covered_display": "43"}, "missing_lines": [156, 158, 159, 160], "excluded_lines": [], "start_line": 153}, "": {"executed_lines": [5, 7, 8, 10, 11, 13, 16, 22, 30, 45, 55, 60, 69, 73, 84, 92, 96, 101, 112, 116, 121, 136, 139, 142, 149, 153], "summary": {"covered_lines": 26, "num_statements": 26, "percent_covered": 100.0, "percent_covered_display": "100", "missing_lines": 0, "excluded_lines": 0, "percent_statements_covered": 100.0, "percent_statements_covered_display": "100"}, "missing_lines": [], "excluded_lines": [], "start_line": 1}}, "classes": {"ToolRegistry": {"executed_lines": [23, 24, 35, 36, 41, 42, 43, 50, 51, 52, 53, 57, 58, 71, 75, 76, 77, 82, 94, 98, 99, 106, 107, 114, 118, 119, 125, 127, 128, 129, 130, 150, 151, 154, 155, 157], "summary": {"covered_lines": 36, "num_statements": 47, "percent_covered": 76.59574468085107, "percent_covered_display": "77", "missing_lines": 11, "excluded_lines": 0, "percent_statements_covered": 76.59574468085107, "percent_statements_covered_display": "77"}, "missing_lines": [62, 63, 86, 126, 137, 140, 143, 156, 158, 159, 160], "excluded_lines": [], "start_line": 16}, "": {"executed_lines": [5, 7, 8, 10, 11, 13, 16, 22, 30, 45, 55, 60, 69, 73, 84, 92, 96, 101, 112, 116, 121, 136, 139, 142, 149, 153], "summary": {"covered_lines": 26, "num_statements": 26, "percent_covered": 100.0, "percent_covered_display": "100", "missing_lines": 0, "excluded_lines": 0, "percent_statements_covered": 100.0, "percent_statements_covered_display": "100"}, "missing_lines": [], "excluded_lines": [], "start_line": 1}}}, "packages/core/src/matimo/core/skill_content_parser.py": {"executed_lines": [9, 11, 12, 13, 15, 18, 19, 22, 23, 24, 25, 26, 33, 36, 46, 59, 151, 219], "summary": {"covered_lines": 18, "num_statements": 123, "percent_covered": 14.634146341463415, "percent_covered_display": "15", "missing_lines": 105, "excluded_lines": 0, "percent_statements_covered": 14.634146341463415, "percent_statements_covered_display": "15"}, "missing_lines": [38, 39, 40, 41, 42, 43, 48, 49, 50, 51, 67, 68, 70, 71, 74, 75, 76, 77, 79, 80, 81, 82, 84, 85, 86, 87, 88, 89, 94, 96, 97, 99, 101, 102, 104, 105, 108, 109, 111, 112, 113, 123, 124, 126, 127, 128, 129, 131, 133, 134, 137, 138, 140, 142, 161, 162, 164, 165, 167, 168, 169, 170, 172, 173, 174, 175, 176, 177, 178, 181, 182, 183, 184, 185, 188, 189, 190, 191, 192, 194, 195, 196, 197, 199, 200, 201, 202, 203, 204, 207, 208, 209, 210, 211, 212, 214, 216, 226, 228, 229, 236, 237, 239, 240, 242], "excluded_lines": [], "functions": {"_parse_heading": {"executed_lines": [], "summary": {"covered_lines": 0, "num_statements": 6, "percent_covered": 0.0, "percent_covered_display": "0", "missing_lines": 6, "excluded_lines": 0, "percent_statements_covered": 0.0, "percent_statements_covered_display": "0"}, "missing_lines": [38, 39, 40, 41, 42, 43], "excluded_lines": [], "start_line": 36}, "_estimate_tokens": {"executed_lines": [], "summary": {"covered_lines": 0, "num_statements": 4, "percent_covered": 0.0, "percent_covered_display": "0", "missing_lines": 4, "excluded_lines": 0, "percent_statements_covered": 0.0, "percent_statements_covered_display": "0"}, "missing_lines": [48, 49, 50, 51], "excluded_lines": [], "start_line": 46}, "parse_skill_sections": {"executed_lines": [], "summary": {"covered_lines": 0, "num_statements": 43, "percent_covered": 0.0, "percent_covered_display": "0", "missing_lines": 43, "excluded_lines": 0, "percent_statements_covered": 0.0, "percent_statements_covered_display": "0"}, "missing_lines": [67, 68, 70, 71, 74, 75, 76, 77, 79, 80, 81, 82, 84, 85, 86, 87, 88, 89, 94, 96, 97, 99, 101, 102, 104, 105, 108, 109, 111, 112, 113, 123, 124, 126, 127, 128, 129, 131, 133, 134, 137, 140, 142], "excluded_lines": [], "start_line": 59}, "parse_skill_sections._total": {"executed_lines": [], "summary": {"covered_lines": 0, "num_statements": 1, "percent_covered": 0.0, "percent_covered_display": "0", "missing_lines": 1, "excluded_lines": 0, "percent_statements_covered": 0.0, "percent_statements_covered_display": "0"}, "missing_lines": [138], "excluded_lines": [], "start_line": 137}, "extract_skill_content": {"executed_lines": [], "summary": {"covered_lines": 0, "num_statements": 34, "percent_covered": 0.0, "percent_covered_display": "0", "missing_lines": 34, "excluded_lines": 0, "percent_statements_covered": 0.0, "percent_statements_covered_display": "0"}, "missing_lines": [161, 162, 164, 165, 167, 172, 181, 182, 183, 184, 185, 188, 189, 190, 191, 192, 194, 195, 196, 197, 199, 200, 201, 202, 203, 204, 207, 208, 209, 210, 211, 212, 214, 216], "excluded_lines": [], "start_line": 151}, "extract_skill_content.within_budget": {"executed_lines": [], "summary": {"covered_lines": 0, "num_statements": 3, "percent_covered": 0.0, "percent_covered_display": "0", "missing_lines": 3, "excluded_lines": 0, "percent_statements_covered": 0.0, "percent_statements_covered_display": "0"}, "missing_lines": [168, 169, 170], "excluded_lines": [], "start_line": 167}, "extract_skill_content.render_section": {"executed_lines": [], "summary": {"covered_lines": 0, "num_statements": 6, "percent_covered": 0.0, "percent_covered_display": "0", "missing_lines": 6, "excluded_lines": 0, "percent_statements_covered": 0.0, "percent_statements_covered_display": "0"}, "missing_lines": [173, 174, 175, 176, 177, 178], "excluded_lines": [], "start_line": 172}, "list_skill_sections": {"executed_lines": [], "summary": {"covered_lines": 0, "num_statements": 5, "percent_covered": 0.0, "percent_covered_display": "0", "missing_lines": 5, "excluded_lines": 0, "percent_statements_covered": 0.0, "percent_statements_covered_display": "0"}, "missing_lines": [226, 228, 239, 240, 242], "excluded_lines": [], "start_line": 219}, "list_skill_sections.walk": {"executed_lines": [], "summary": {"covered_lines": 0, "num_statements": 3, "percent_covered": 0.0, "percent_covered_display": "0", "missing_lines": 3, "excluded_lines": 0, "percent_statements_covered": 0.0, "percent_statements_covered_display": "0"}, "missing_lines": [229, 236, 237], "excluded_lines": [], "start_line": 228}, "": {"executed_lines": [9, 11, 12, 13, 15, 18, 19, 22, 23, 24, 25, 26, 33, 36, 46, 59, 151, 219], "summary": {"covered_lines": 18, "num_statements": 18, "percent_covered": 100.0, "percent_covered_display": "100", "missing_lines": 0, "excluded_lines": 0, "percent_statements_covered": 100.0, "percent_statements_covered_display": "100"}, "missing_lines": [], "excluded_lines": [], "start_line": 1}}, "classes": {"ParsedSkillContent": {"executed_lines": [], "summary": {"covered_lines": 0, "num_statements": 0, "percent_covered": 100.0, "percent_covered_display": "100", "missing_lines": 0, "excluded_lines": 0, "percent_statements_covered": 100.0, "percent_statements_covered_display": "100"}, "missing_lines": [], "excluded_lines": [], "start_line": 19}, "": {"executed_lines": [9, 11, 12, 13, 15, 18, 19, 22, 23, 24, 25, 26, 33, 36, 46, 59, 151, 219], "summary": {"covered_lines": 18, "num_statements": 123, "percent_covered": 14.634146341463415, "percent_covered_display": "15", "missing_lines": 105, "excluded_lines": 0, "percent_statements_covered": 14.634146341463415, "percent_statements_covered_display": "15"}, "missing_lines": [38, 39, 40, 41, 42, 43, 48, 49, 50, 51, 67, 68, 70, 71, 74, 75, 76, 77, 79, 80, 81, 82, 84, 85, 86, 87, 88, 89, 94, 96, 97, 99, 101, 102, 104, 105, 108, 109, 111, 112, 113, 123, 124, 126, 127, 128, 129, 131, 133, 134, 137, 138, 140, 142, 161, 162, 164, 165, 167, 168, 169, 170, 172, 173, 174, 175, 176, 177, 178, 181, 182, 183, 184, 185, 188, 189, 190, 191, 192, 194, 195, 196, 197, 199, 200, 201, 202, 203, 204, 207, 208, 209, 210, 211, 212, 214, 216, 226, 228, 229, 236, 237, 239, 240, 242], "excluded_lines": [], "start_line": 1}}}, "packages/core/src/matimo/core/skill_loader.py": {"executed_lines": [9, 11, 12, 13, 15, 17, 24, 25, 27, 33, 34, 35, 38, 59, 111, 141, 174, 181, 209, 212, 242, 296], "summary": {"covered_lines": 22, "num_statements": 138, "percent_covered": 15.942028985507246, "percent_covered_display": "16", "missing_lines": 116, "excluded_lines": 0, "percent_statements_covered": 15.942028985507246, "percent_statements_covered_display": "16"}, "missing_lines": [40, 41, 42, 43, 44, 45, 49, 50, 51, 67, 68, 70, 71, 72, 74, 76, 77, 79, 80, 81, 82, 84, 85, 88, 89, 90, 93, 94, 95, 96, 98, 99, 100, 101, 103, 113, 115, 117, 118, 119, 120, 121, 127, 128, 130, 132, 151, 152, 153, 155, 156, 182, 183, 184, 186, 187, 188, 190, 191, 192, 193, 194, 195, 197, 199, 201, 218, 219, 221, 222, 224, 225, 226, 228, 229, 230, 232, 233, 234, 235, 236, 237, 238, 240, 249, 250, 251, 253, 254, 256, 257, 259, 260, 262, 263, 268, 269, 274, 276, 277, 278, 280, 304, 305, 310, 311, 316, 317, 320, 321, 326, 327, 332, 333, 334, 335], "excluded_lines": [], "functions": {"_validate_skill_name": {"executed_lines": [], "summary": {"covered_lines": 0, "num_statements": 9, "percent_covered": 0.0, "percent_covered_display": "0", "missing_lines": 9, "excluded_lines": 0, "percent_statements_covered": 0.0, "percent_statements_covered_display": "0"}, "missing_lines": [40, 41, 42, 43, 44, 45, 49, 50, 51], "excluded_lines": [], "start_line": 38}, "_extract_frontmatter": {"executed_lines": [], "summary": {"covered_lines": 0, "num_statements": 26, "percent_covered": 0.0, "percent_covered_display": "0", "missing_lines": 26, "excluded_lines": 0, "percent_statements_covered": 0.0, "percent_statements_covered_display": "0"}, "missing_lines": [67, 68, 70, 71, 72, 74, 76, 77, 79, 80, 81, 82, 84, 85, 88, 89, 90, 93, 94, 95, 96, 98, 99, 100, 101, 103], "excluded_lines": [], "start_line": 59}, "parse_skill_content": {"executed_lines": [], "summary": {"covered_lines": 0, "num_statements": 11, "percent_covered": 0.0, "percent_covered_display": "0", "missing_lines": 11, "excluded_lines": 0, "percent_statements_covered": 0.0, "percent_statements_covered_display": "0"}, "missing_lines": [113, 115, 117, 118, 119, 120, 121, 127, 128, 130, 132], "excluded_lines": [], "start_line": 111}, "extract_skill_metadata": {"executed_lines": [], "summary": {"covered_lines": 0, "num_statements": 5, "percent_covered": 0.0, "percent_covered_display": "0", "missing_lines": 5, "excluded_lines": 0, "percent_statements_covered": 0.0, "percent_statements_covered_display": "0"}, "missing_lines": [151, 152, 153, 155, 156], "excluded_lines": [], "start_line": 141}, "_list_bundled_resources": {"executed_lines": [], "summary": {"covered_lines": 0, "num_statements": 15, "percent_covered": 0.0, "percent_covered_display": "0", "missing_lines": 15, "excluded_lines": 0, "percent_statements_covered": 0.0, "percent_statements_covered_display": "0"}, "missing_lines": [182, 183, 184, 186, 187, 188, 190, 191, 192, 193, 194, 195, 197, 199, 201], "excluded_lines": [], "start_line": 181}, "SkillLoader.load_skills_from_directory": {"executed_lines": [], "summary": {"covered_lines": 0, "num_statements": 18, "percent_covered": 0.0, "percent_covered_display": "0", "missing_lines": 18, "excluded_lines": 0, "percent_statements_covered": 0.0, "percent_statements_covered_display": "0"}, "missing_lines": [218, 219, 221, 222, 224, 225, 226, 228, 229, 230, 232, 233, 234, 235, 236, 237, 238, 240], "excluded_lines": [], "start_line": 212}, "SkillLoader.load_skill": {"executed_lines": [], "summary": {"covered_lines": 0, "num_statements": 18, "percent_covered": 0.0, "percent_covered_display": "0", "missing_lines": 18, "excluded_lines": 0, "percent_statements_covered": 0.0, "percent_statements_covered_display": "0"}, "missing_lines": [249, 250, 251, 253, 254, 256, 257, 259, 260, 262, 263, 268, 269, 274, 276, 277, 278, 280], "excluded_lines": [], "start_line": 242}, "SkillLoader.load_skill_resource": {"executed_lines": [], "summary": {"covered_lines": 0, "num_statements": 14, "percent_covered": 0.0, "percent_covered_display": "0", "missing_lines": 14, "excluded_lines": 0, "percent_statements_covered": 0.0, "percent_statements_covered_display": "0"}, "missing_lines": [304, 305, 310, 311, 316, 317, 320, 321, 326, 327, 332, 333, 334, 335], "excluded_lines": [], "start_line": 296}, "": {"executed_lines": [9, 11, 12, 13, 15, 17, 24, 25, 27, 33, 34, 35, 38, 59, 111, 141, 174, 181, 209, 212, 242, 296], "summary": {"covered_lines": 22, "num_statements": 22, "percent_covered": 100.0, "percent_covered_display": "100", "missing_lines": 0, "excluded_lines": 0, "percent_statements_covered": 100.0, "percent_statements_covered_display": "100"}, "missing_lines": [], "excluded_lines": [], "start_line": 1}}, "classes": {"SkillLoader": {"executed_lines": [], "summary": {"covered_lines": 0, "num_statements": 50, "percent_covered": 0.0, "percent_covered_display": "0", "missing_lines": 50, "excluded_lines": 0, "percent_statements_covered": 0.0, "percent_statements_covered_display": "0"}, "missing_lines": [218, 219, 221, 222, 224, 225, 226, 228, 229, 230, 232, 233, 234, 235, 236, 237, 238, 240, 249, 250, 251, 253, 254, 256, 257, 259, 260, 262, 263, 268, 269, 274, 276, 277, 278, 280, 304, 305, 310, 311, 316, 317, 320, 321, 326, 327, 332, 333, 334, 335], "excluded_lines": [], "start_line": 209}, "": {"executed_lines": [9, 11, 12, 13, 15, 17, 24, 25, 27, 33, 34, 35, 38, 59, 111, 141, 174, 181, 209, 212, 242, 296], "summary": {"covered_lines": 22, "num_statements": 88, "percent_covered": 25.0, "percent_covered_display": "25", "missing_lines": 66, "excluded_lines": 0, "percent_statements_covered": 25.0, "percent_statements_covered_display": "25"}, "missing_lines": [40, 41, 42, 43, 44, 45, 49, 50, 51, 67, 68, 70, 71, 72, 74, 76, 77, 79, 80, 81, 82, 84, 85, 88, 89, 90, 93, 94, 95, 96, 98, 99, 100, 101, 103, 113, 115, 117, 118, 119, 120, 121, 127, 128, 130, 132, 151, 152, 153, 155, 156, 182, 183, 184, 186, 187, 188, 190, 191, 192, 193, 194, 195, 197, 199, 201], "excluded_lines": [], "start_line": 1}}}, "packages/core/src/matimo/core/skill_registry.py": {"executed_lines": [9, 11, 12, 14, 20, 26, 31, 33, 36, 37, 40, 41, 44, 47, 59, 69, 78, 86, 89, 95, 106, 120, 124, 127, 130, 137, 203, 231, 237, 247, 264, 282, 287, 288, 299, 300], "summary": {"covered_lines": 36, "num_statements": 146, "percent_covered": 24.65753424657534, "percent_covered_display": "25", "missing_lines": 110, "excluded_lines": 0, "percent_statements_covered": 24.65753424657534, "percent_statements_covered_display": "25"}, "missing_lines": [48, 49, 50, 51, 52, 53, 61, 62, 63, 70, 71, 72, 73, 74, 75, 76, 79, 80, 87, 90, 91, 92, 93, 101, 102, 103, 104, 111, 112, 113, 114, 122, 125, 128, 131, 138, 139, 141, 144, 145, 146, 151, 152, 153, 158, 159, 160, 169, 170, 171, 178, 179, 180, 181, 182, 188, 189, 196, 197, 210, 212, 213, 215, 216, 217, 218, 219, 220, 221, 222, 224, 225, 232, 233, 234, 235, 238, 239, 240, 241, 248, 249, 251, 252, 253, 255, 256, 258, 259, 260, 261, 262, 269, 270, 271, 272, 274, 283, 284, 285, 289, 290, 291, 292, 293, 294, 295, 296, 297, 301], "excluded_lines": [], "functions": {"SkillRegistry.__init__": {"executed_lines": [], "summary": {"covered_lines": 0, "num_statements": 6, "percent_covered": 0.0, "percent_covered_display": "0", "missing_lines": 6, "excluded_lines": 0, "percent_statements_covered": 0.0, "percent_statements_covered_display": "0"}, "missing_lines": [48, 49, 50, 51, 52, 53], "excluded_lines": [], "start_line": 47}, "SkillRegistry.set_embedding_provider": {"executed_lines": [], "summary": {"covered_lines": 0, "num_statements": 3, "percent_covered": 0.0, "percent_covered_display": "0", "missing_lines": 3, "excluded_lines": 0, "percent_statements_covered": 0.0, "percent_statements_covered_display": "0"}, "missing_lines": [61, 62, 63], "excluded_lines": [], "start_line": 59}, "SkillRegistry.register": {"executed_lines": [], "summary": {"covered_lines": 0, "num_statements": 7, "percent_covered": 0.0, "percent_covered_display": "0", "missing_lines": 7, "excluded_lines": 0, "percent_statements_covered": 0.0, "percent_statements_covered_display": "0"}, "missing_lines": [70, 71, 72, 73, 74, 75, 76], "excluded_lines": [], "start_line": 69}, "SkillRegistry.register_all": {"executed_lines": [], "summary": {"covered_lines": 0, "num_statements": 2, "percent_covered": 0.0, "percent_covered_display": "0", "missing_lines": 2, "excluded_lines": 0, "percent_statements_covered": 0.0, "percent_statements_covered_display": "0"}, "missing_lines": [79, 80], "excluded_lines": [], "start_line": 78}, "SkillRegistry.get": {"executed_lines": [], "summary": {"covered_lines": 0, "num_statements": 1, "percent_covered": 0.0, "percent_covered_display": "0", "missing_lines": 1, "excluded_lines": 0, "percent_statements_covered": 0.0, "percent_statements_covered_display": "0"}, "missing_lines": [87], "excluded_lines": [], "start_line": 86}, "SkillRegistry.get_required": {"executed_lines": [], "summary": {"covered_lines": 0, "num_statements": 4, "percent_covered": 0.0, "percent_covered_display": "0", "missing_lines": 4, "excluded_lines": 0, "percent_statements_covered": 0.0, "percent_statements_covered_display": "0"}, "missing_lines": [90, 91, 92, 93], "excluded_lines": [], "start_line": 89}, "SkillRegistry.get_skill_content": {"executed_lines": [], "summary": {"covered_lines": 0, "num_statements": 4, "percent_covered": 0.0, "percent_covered_display": "0", "missing_lines": 4, "excluded_lines": 0, "percent_statements_covered": 0.0, "percent_statements_covered_display": "0"}, "missing_lines": [101, 102, 103, 104], "excluded_lines": [], "start_line": 95}, "SkillRegistry.get_skill_sections": {"executed_lines": [], "summary": {"covered_lines": 0, "num_statements": 4, "percent_covered": 0.0, "percent_covered_display": "0", "missing_lines": 4, "excluded_lines": 0, "percent_statements_covered": 0.0, "percent_statements_covered_display": "0"}, "missing_lines": [111, 112, 113, 114], "excluded_lines": [], "start_line": 106}, "SkillRegistry.list": {"executed_lines": [], "summary": {"covered_lines": 0, "num_statements": 1, "percent_covered": 0.0, "percent_covered_display": "0", "missing_lines": 1, "excluded_lines": 0, "percent_statements_covered": 0.0, "percent_statements_covered_display": "0"}, "missing_lines": [122], "excluded_lines": [], "start_line": 120}, "SkillRegistry.get_all": {"executed_lines": [], "summary": {"covered_lines": 0, "num_statements": 1, "percent_covered": 0.0, "percent_covered_display": "0", "missing_lines": 1, "excluded_lines": 0, "percent_statements_covered": 0.0, "percent_statements_covered_display": "0"}, "missing_lines": [125], "excluded_lines": [], "start_line": 124}, "SkillRegistry.has": {"executed_lines": [], "summary": {"covered_lines": 0, "num_statements": 1, "percent_covered": 0.0, "percent_covered_display": "0", "missing_lines": 1, "excluded_lines": 0, "percent_statements_covered": 0.0, "percent_statements_covered_display": "0"}, "missing_lines": [128], "excluded_lines": [], "start_line": 127}, "SkillRegistry.count": {"executed_lines": [], "summary": {"covered_lines": 0, "num_statements": 1, "percent_covered": 0.0, "percent_covered_display": "0", "missing_lines": 1, "excluded_lines": 0, "percent_statements_covered": 0.0, "percent_statements_covered_display": "0"}, "missing_lines": [131], "excluded_lines": [], "start_line": 130}, "SkillRegistry.search": {"executed_lines": [], "summary": {"covered_lines": 0, "num_statements": 24, "percent_covered": 0.0, "percent_covered_display": "0", "missing_lines": 24, "excluded_lines": 0, "percent_statements_covered": 0.0, "percent_statements_covered_display": "0"}, "missing_lines": [138, 139, 141, 144, 145, 146, 151, 152, 153, 158, 159, 160, 169, 170, 171, 178, 179, 180, 181, 182, 188, 189, 196, 197], "excluded_lines": [], "start_line": 137}, "SkillRegistry.semantic_search": {"executed_lines": [], "summary": {"covered_lines": 0, "num_statements": 13, "percent_covered": 0.0, "percent_covered_display": "0", "missing_lines": 13, "excluded_lines": 0, "percent_statements_covered": 0.0, "percent_statements_covered_display": "0"}, "missing_lines": [210, 212, 213, 215, 216, 217, 218, 219, 220, 221, 222, 224, 225], "excluded_lines": [], "start_line": 203}, "SkillRegistry.clear": {"executed_lines": [], "summary": {"covered_lines": 0, "num_statements": 4, "percent_covered": 0.0, "percent_covered_display": "0", "missing_lines": 4, "excluded_lines": 0, "percent_statements_covered": 0.0, "percent_statements_covered_display": "0"}, "missing_lines": [232, 233, 234, 235], "excluded_lines": [], "start_line": 231}, "SkillRegistry.remove": {"executed_lines": [], "summary": {"covered_lines": 0, "num_statements": 4, "percent_covered": 0.0, "percent_covered_display": "0", "missing_lines": 4, "excluded_lines": 0, "percent_statements_covered": 0.0, "percent_statements_covered_display": "0"}, "missing_lines": [238, 239, 240, 241], "excluded_lines": [], "start_line": 237}, "SkillRegistry._ensure_embeddings": {"executed_lines": [], "summary": {"covered_lines": 0, "num_statements": 12, "percent_covered": 0.0, "percent_covered_display": "0", "missing_lines": 12, "excluded_lines": 0, "percent_statements_covered": 0.0, "percent_statements_covered_display": "0"}, "missing_lines": [248, 249, 251, 252, 253, 255, 256, 258, 259, 260, 261, 262], "excluded_lines": [], "start_line": 247}, "SkillRegistry._rank_by_similarity": {"executed_lines": [], "summary": {"covered_lines": 0, "num_statements": 5, "percent_covered": 0.0, "percent_covered_display": "0", "missing_lines": 5, "excluded_lines": 0, "percent_statements_covered": 0.0, "percent_statements_cove
[...]
vered": 57.142857142857146, "percent_covered_display": "57", "missing_lines": 3, "excluded_lines": 0, "percent_statements_covered": 57.142857142857146, "percent_statements_covered_display": "57"}, "missing_lines": [217, 218, 219], "excluded_lines": [], "start_line": 211}, "_is_production": {"executed_lines": [228], "summary": {"covered_lines": 1, "num_statements": 1, "percent_covered": 100.0, "percent_covered_display": "100", "missing_lines": 0, "excluded_lines": 0, "percent_statements_covered": 100.0, "percent_statements_covered_display": "100"}, "missing_lines": [], "excluded_lines": [], "start_line": 227}, "": {"executed_lines": [5, 7, 8, 10, 11, 12, 13, 24, 27, 28, 47, 58, 68, 76, 131, 188, 205, 208, 211, 227], "summary": {"covered_lines": 20, "num_statements": 20, "percent_covered": 100.0, "percent_covered_display": "100", "missing_lines": 0, "excluded_lines": 12, "percent_statements_covered": 100.0, "percent_statements_covered_display": "100"}, "missing_lines": [], "excluded_lines": [21, 22, 34, 35, 37, 38, 39, 41, 42, 43, 45, 46], "start_line": 1}}, "classes": {"PolicyEngine": {"executed_lines": [], "summary": {"covered_lines": 0, "num_statements": 0, "percent_covered": 100.0, "percent_covered_display": "100", "missing_lines": 0, "excluded_lines": 3, "percent_statements_covered": 100.0, "percent_statements_covered_display": "100"}, "missing_lines": [], "excluded_lines": [36, 40, 44], "start_line": 28}, "DefaultPolicyEngine": {"executed_lines": [64, 65, 66, 88, 89, 92, 93, 100, 101, 107, 108, 109, 115, 116, 117, 118, 125, 144, 145, 147, 148, 151, 152, 154, 155, 156, 173, 174, 182, 194, 195, 196, 197, 198, 199, 209, 212, 213, 214, 215], "summary": {"covered_lines": 40, "num_statements": 51, "percent_covered": 78.43137254901961, "percent_covered_display": "78", "missing_lines": 11, "excluded_lines": 0, "percent_statements_covered": 78.43137254901961, "percent_statements_covered_display": "78"}, "missing_lines": [70, 162, 163, 164, 165, 166, 175, 206, 217, 218, 219], "excluded_lines": [], "start_line": 47}, "": {"executed_lines": [5, 7, 8, 10, 11, 12, 13, 24, 27, 28, 47, 58, 68, 76, 131, 188, 205, 208, 211, 227, 228], "summary": {"covered_lines": 21, "num_statements": 21, "percent_covered": 100.0, "percent_covered_display": "100", "missing_lines": 0, "excluded_lines": 12, "percent_statements_covered": 100.0, "percent_statements_covered_display": "100"}, "missing_lines": [], "excluded_lines": [21, 22, 34, 35, 37, 38, 39, 41, 42, 43, 45, 46], "start_line": 1}}}, "packages/core/src/matimo/policy/integrity_tracker.py": {"executed_lines": [5, 7, 8, 9, 10, 12, 15, 16, 17, 18, 21, 28, 30, 32, 41, 42, 45, 46, 48, 50, 56, 57, 58, 60, 62, 67, 68, 69, 70, 72, 75, 79, 86, 87, 88, 89, 90], "summary": {"covered_lines": 37, "num_statements": 46, "percent_covered": 80.43478260869566, "percent_covered_display": "80", "missing_lines": 9, "excluded_lines": 0, "percent_statements_covered": 80.43478260869566, "percent_statements_covered_display": "80"}, "missing_lines": [43, 51, 54, 73, 76, 77, 80, 91, 92], "excluded_lines": [], "functions": {"ToolIntegrityTracker.__init__": {"executed_lines": [30], "summary": {"covered_lines": 1, "num_statements": 1, "percent_covered": 100.0, "percent_covered_display": "100", "missing_lines": 0, "excluded_lines": 0, "percent_statements_covered": 100.0, "percent_statements_covered_display": "100"}, "missing_lines": [], "excluded_lines": [], "start_line": 28}, "ToolIntegrityTracker.get_action": {"executed_lines": [41, 42, 45, 46, 48, 50, 56, 57, 58, 60], "summary": {"covered_lines": 10, "num_statements": 13, "percent_covered": 76.92307692307692, "percent_covered_display": "77", "missing_lines": 3, "excluded_lines": 0, "percent_statements_covered": 76.92307692307692, "percent_statements_covered_display": "77"}, "missing_lines": [43, 51, 54], "excluded_lines": [], "start_line": 32}, "ToolIntegrityTracker.record": {"executed_lines": [67, 68, 69, 70], "summary": {"covered_lines": 4, "num_statements": 4, "percent_covered": 100.0, "percent_covered_display": "100", "missing_lines": 0, "excluded_lines": 0, "percent_statements_covered": 100.0, "percent_statements_covered_display": "100"}, "missing_lines": [], "excluded_lines": [], "start_line": 62}, "ToolIntegrityTracker.remove": {"executed_lines": [], "summary": {"covered_lines": 0, "num_statements": 1, "percent_covered": 0.0, "percent_covered_display": "0", "missing_lines": 1, "excluded_lines": 0, "percent_statements_covered": 0.0, "percent_statements_covered_display": "0"}, "missing_lines": [73], "excluded_lines": [], "start_line": 72}, "ToolIntegrityTracker.hash_for": {"executed_lines": [], "summary": {"covered_lines": 0, "num_statements": 2, "percent_covered": 0.0, "percent_covered_display": "0", "missing_lines": 2, "excluded_lines": 0, "percent_statements_covered": 0.0, "percent_statements_covered_display": "0"}, "missing_lines": [76, 77], "excluded_lines": [], "start_line": 75}, "ToolIntegrityTracker.clear": {"executed_lines": [], "summary": {"covered_lines": 0, "num_statements": 1, "percent_covered": 0.0, "percent_covered_display": "0", "missing_lines": 1, "excluded_lines": 0, "percent_statements_covered": 0.0, "percent_statements_covered_display": "0"}, "missing_lines": [80], "excluded_lines": [], "start_line": 79}, "ToolIntegrityTracker._hash_file": {"executed_lines": [88, 89, 90], "summary": {"covered_lines": 3, "num_statements": 5, "percent_covered": 60.0, "percent_covered_display": "60", "missing_lines": 2, "excluded_lines": 0, "percent_statements_covered": 60.0, "percent_statements_covered_display": "60"}, "missing_lines": [91, 92], "excluded_lines": [], "start_line": 87}, "": {"executed_lines": [5, 7, 8, 9, 10, 12, 15, 16, 17, 18, 21, 28, 32, 62, 72, 75, 79, 86, 87], "summary": {"covered_lines": 19, "num_statements": 19, "percent_covered": 100.0, "percent_covered_display": "100", "missing_lines": 0, "excluded_lines": 0, "percent_statements_covered": 100.0, "percent_statements_covered_display": "100"}, "missing_lines": [], "excluded_lines": [], "start_line": 1}}, "classes": {"IntegrityAction": {"executed_lines": [], "summary": {"covered_lines": 0, "num_statements": 0, "percent_covered": 100.0, "percent_covered_display": "100", "missing_lines": 0, "excluded_lines": 0, "percent_statements_covered": 100.0, "percent_statements_covered_display": "100"}, "missing_lines": [], "excluded_lines": [], "start_line": 15}, "ToolIntegrityTracker": {"executed_lines": [30, 41, 42, 45, 46, 48, 50, 56, 57, 58, 60, 67, 68, 69, 70, 88, 89, 90], "summary": {"covered_lines": 18, "num_statements": 27, "percent_covered": 66.66666666666667, "percent_covered_display": "67", "missing_lines": 9, "excluded_lines": 0, "percent_statements_covered": 66.66666666666667, "percent_statements_covered_display": "67"}, "missing_lines": [43, 51, 54, 73, 76, 77, 80, 91, 92], "excluded_lines": [], "start_line": 21}, "": {"executed_lines": [5, 7, 8, 9, 10, 12, 15, 16, 17, 18, 21, 28, 32, 62, 72, 75, 79, 86, 87], "summary": {"covered_lines": 19, "num_statements": 19, "percent_covered": 100.0, "percent_covered_display": "100", "missing_lines": 0, "excluded_lines": 0, "percent_statements_covered": 100.0, "percent_statements_covered_display": "100"}, "missing_lines": [], "excluded_lines": [], "start_line": 1}}}, "packages/core/src/matimo/policy/policy_loader.py": {"executed_lines": [5, 7, 8, 10, 11, 13, 14, 15, 17, 20, 86, 98], "summary": {"covered_lines": 12, "num_statements": 34, "percent_covered": 35.294117647058826, "percent_covered_display": "35", "missing_lines": 22, "excluded_lines": 0, "percent_statements_covered": 35.294117647058826, "percent_statements_covered_display": "35"}, "missing_lines": [42, 43, 44, 50, 51, 52, 53, 54, 62, 64, 65, 66, 67, 74, 75, 100, 101, 102, 103, 104, 105, 106], "excluded_lines": [], "functions": {"load_policy_from_file": {"executed_lines": [], "summary": {"covered_lines": 0, "num_statements": 15, "percent_covered": 0.0, "percent_covered_display": "0", "missing_lines": 15, "excluded_lines": 0, "percent_statements_covered": 0.0, "percent_statements_covered_display": "0"}, "missing_lines": [42, 43, 44, 50, 51, 52, 53, 54, 62, 64, 65, 66, 67, 74, 75], "excluded_lines": [], "start_line": 20}, "_normalise_keys": {"executed_lines": [], "summary": {"covered_lines": 0, "num_statements": 7, "percent_covered": 0.0, "percent_covered_display": "0", "missing_lines": 7, "excluded_lines": 0, "percent_statements_covered": 0.0, "percent_statements_covered_display": "0"}, "missing_lines": [100, 101, 102, 103, 104, 105, 106], "excluded_lines": [], "start_line": 98}, "": {"executed_lines": [5, 7, 8, 10, 11, 13, 14, 15, 17, 20, 86, 98], "summary": {"covered_lines": 12, "num_statements": 12, "percent_covered": 100.0, "percent_covered_display": "100", "missing_lines": 0, "excluded_lines": 0, "percent_statements_covered": 100.0, "percent_statements_covered_display": "100"}, "missing_lines": [], "excluded_lines": [], "start_line": 1}}, "classes": {"": {"executed_lines": [5, 7, 8, 10, 11, 13, 14, 15, 17, 20, 86, 98], "summary": {"covered_lines": 12, "num_statements": 34, "percent_covered": 35.294117647058826, "percent_covered_display": "35", "missing_lines": 22, "excluded_lines": 0, "percent_statements_covered": 35.294117647058826, "percent_statements_covered_display": "35"}, "missing_lines": [42, 43, 44, 50, 51, 52, 53, 54, 62, 64, 65, 66, 67, 74, 75, 100, 101, 102, 103, 104, 105, 106], "excluded_lines": [], "start_line": 1}}}, "packages/core/src/matimo/policy/risk_classifier.py": {"executed_lines": [5, 7, 8, 11, 24, 26, 27, 29, 30, 32, 33, 34, 35, 36, 37, 38, 39, 40], "summary": {"covered_lines": 18, "num_statements": 19, "percent_covered": 94.73684210526316, "percent_covered_display": "95", "missing_lines": 1, "excluded_lines": 0, "percent_statements_covered": 94.73684210526316, "percent_statements_covered_display": "95"}, "missing_lines": [42], "excluded_lines": [], "functions": {"classify_risk": {"executed_lines": [24, 26, 27, 29, 30, 32, 33, 34, 35, 36, 37, 38, 39, 40], "summary": {"covered_lines": 14, "num_statements": 15, "percent_covered": 93.33333333333333, "percent_covered_display": "93", "missing_lines": 1, "excluded_lines": 0, "percent_statements_covered": 93.33333333333333, "percent_statements_covered_display": "93"}, "missing_lines": [42], "excluded_lines": [], "start_line": 11}, "": {"executed_lines": [5, 7, 8, 11], "summary": {"covered_lines": 4, "num_statements": 4, "percent_covered": 100.0, "percent_covered_display": "100", "missing_lines": 0, "excluded_lines": 0, "percent_statements_covered": 100.0, "percent_statements_covered_display": "100"}, "missing_lines": [], "excluded_lines": [], "start_line": 1}}, "classes": {"": {"executed_lines": [5, 7, 8, 11, 24, 26, 27, 29, 30, 32, 33, 34, 35, 36, 37, 38, 39, 40], "summary": {"covered_lines": 18, "num_statements": 19, "percent_covered": 94.73684210526316, "percent_covered_display": "95", "missing_lines": 1, "excluded_lines": 0, "percent_statements_covered": 94.73684210526316, "percent_statements_covered_display": "95"}, "missing_lines": [42], "excluded_lines": [], "start_line": 1}}}, "packages/core/src/matimo/policy/types.py": {"executed_lines": [5, 7, 8, 9, 11, 14, 15, 16, 17, 18, 21, 22, 23, 24, 32, 33, 36, 37, 38, 39, 42, 43, 44, 45, 46, 49, 57, 58, 59, 60, 61, 62, 63, 66, 74, 80, 81, 82, 83, 84, 85, 86, 87, 95, 96, 97, 98, 99, 100, 103, 104, 105, 106, 107, 108, 111, 112, 113, 114, 115, 118, 119, 120, 121, 122, 125, 126, 127, 128, 129, 130, 131, 134, 135, 136, 137, 138, 139, 142, 143, 144, 145, 146, 147, 148, 151, 152, 153, 154, 155, 158, 159, 160, 161, 164, 165, 166, 169, 170, 171, 172, 173, 174, 177, 191], "summary": {"covered_lines": 105, "num_statements": 105, "percent_covered": 100.0, "percent_covered_display": "100", "missing_lines": 0, "excluded_lines": 0, "percent_statements_covered": 100.0, "percent_statements_covered_display": "100"}, "missing_lines": [], "excluded_lines": [], "functions": {"": {"executed_lines": [5, 7, 8, 9, 11, 14, 15, 16, 17, 18, 21, 22, 23, 24, 32, 33, 36, 37, 38, 39, 42, 43, 44, 45, 46, 49, 57, 58, 59, 60, 61, 62, 63, 66, 74, 80, 81, 82, 83, 84, 85, 86, 87, 95, 96, 97, 98, 99, 100, 103, 104, 105, 106, 107, 108, 111, 112, 113, 114, 115, 118, 119, 120, 121, 122, 125, 126, 127, 128, 129, 130, 131, 134, 135, 136, 137, 138, 139, 142, 143, 144, 145, 146, 147, 148, 151, 152, 153, 154, 155, 158, 159, 160, 161, 164, 165, 166, 169, 170, 171, 172, 173, 174, 177, 191], "summary": {"covered_lines": 105, "num_statements": 105, "percent_covered": 100.0, "percent_covered_display": "100", "missing_lines": 0, "excluded_lines": 0, "percent_statements_covered": 100.0, "percent_statements_covered_display": "100"}, "missing_lines": [], "excluded_lines": [], "start_line": 1}}, "classes": {"RiskLevel": {"executed_lines": [], "summary": {"covered_lines": 0, "num_statements": 0, "percent_covered": 100.0, "percent_covered_display": "100", "missing_lines": 0, "excluded_lines": 0, "percent_statements_covered": 100.0, "percent_statements_covered_display": "100"}, "missing_lines": [], "excluded_lines": [], "start_line": 14}, "PolicyTier": {"executed_lines": [], "summary": {"covered_lines": 0, "num_statements": 0, "percent_covered": 100.0, "percent_covered_display": "100", "missing_lines": 0, "excluded_lines": 0, "percent_statements_covered": 100.0, "percent_statements_covered_display": "100"}, "missing_lines": [], "excluded_lines": [], "start_line": 21}, "PolicyAllowed": {"executed_lines": [], "summary": {"covered_lines": 0, "num_statements": 0, "percent_covered": 100.0, "percent_covered_display": "100", "missing_lines": 0, "excluded_lines": 0, "percent_statements_covered": 100.0, "percent_statements_covered_display": "100"}, "missing_lines": [], "excluded_lines": [], "start_line": 32}, "PolicyDenied": {"executed_lines": [], "summary": {"covered_lines": 0, "num_statements": 0, "percent_covered": 100.0, "percent_covered_display": "100", "missing_lines": 0, "excluded_lines": 0, "percent_statements_covered": 100.0, "percent_statements_covered_display": "100"}, "missing_lines": [], "excluded_lines": [], "start_line": 36}, "PolicyPendingApproval": {"executed_lines": [], "summary": {"covered_lines": 0, "num_statements": 0, "percent_covered": 100.0, "percent_covered_display": "100", "missing_lines": 0, "excluded_lines": 0, "percent_statements_covered": 100.0, "percent_statements_covered_display": "100"}, "missing_lines": [], "excluded_lines": [], "start_line": 42}, "HITLRequest": {"executed_lines": [], "summary": {"covered_lines": 0, "num_statements": 0, "percent_covered": 100.0, "percent_covered_display": "100", "missing_lines": 0, "excluded_lines": 0, "percent_statements_covered": 100.0, "percent_statements_covered_display": "100"}, "missing_lines": [], "excluded_lines": [], "start_line": 57}, "PolicyConfig": {"executed_lines": [], "summary": {"covered_lines": 0, "num_statements": 0, "percent_covered": 100.0, "percent_covered_display": "100", "missing_lines": 0, "excluded_lines": 0, "percent_statements_covered": 100.0, "percent_statements_covered_display": "100"}, "missing_lines": [], "excluded_lines": [], "start_line": 74}, "ToolCreatedEvent": {"executed_lines": [], "summary": {"covered_lines": 0, "num_statements": 0, "percent_covered": 100.0, "percent_covered_display": "100", "missing_lines": 0, "excluded_lines": 0, "percent_statements_covered": 100.0, "percent_statements_covered_display": "100"}, "missing_lines": [], "excluded_lines": [], "start_line": 95}, "ToolApprovedEvent": {"executed_lines": [], "summary": {"covered_lines": 0, "num_statements": 0, "percent_covered": 100.0, "percent_covered_display": "100", "missing_lines": 0, "excluded_lines": 0, "percent_statements_covered": 100.0, "percent_statements_covered_display": "100"}, "missing_lines": [], "excluded_lines": [], "start_line": 103}, "ToolRejectedEvent": {"executed_lines": [], "summary": {"covered_lines": 0, "num_statements": 0, "percent_covered": 100.0, "percent_covered_display": "100", "missing_lines": 0, "excluded_lines": 0, "percent_statements_covered": 100.0, "percent_statements_covered_display": "100"}, "missing_lines": [], "excluded_lines": [], "start_line": 111}, "ToolRevokedEvent": {"executed_lines": [], "summary": {"covered_lines": 0, "num_statements": 0, "percent_covered": 100.0, "percent_covered_display": "100", "missing_lines": 0, "excluded_lines": 0, "percent_statements_covered": 100.0, "percent_statements_covered_display": "100"}, "missing_lines": [], "excluded_lines": [], "start_line": 118}, "ToolExecutedEvent": {"executed_lines": [], "summary": {"covered_lines": 0, "num_statements": 0, "percent_covered": 100.0, "percent_covered_display": "100", "missing_lines": 0, "excluded_lines": 0, "percent_statements_covered": 100.0, "percent_statements_covered_display": "100"}, "missing_lines": [], "excluded_lines": [], "start_line": 125}, "ToolExecutionDeniedEvent": {"executed_lines": [], "summary": {"covered_lines": 0, "num_statements": 0, "percent_covered": 100.0, "percent_covered_display": "100", "missing_lines": 0, "excluded_lines": 0, "percent_statements_covered": 100.0, "percent_statements_covered_display": "100"}, "missing_lines": [], "excluded_lines": [], "start_line": 134}, "ToolQuarantinedEvent": {"executed_lines": [], "summary": {"covered_lines": 0, "num_statements": 0, "percent_covered": 100.0, "percent_covered_display": "100", "missing_lines": 0, "excluded_lines": 0, "percent_statements_covered": 100.0, "percent_statements_covered_display": "100"}, "missing_lines": [], "excluded_lines": [], "start_line": 142}, "ToolQuarantineApprovedEvent": {"executed_lines": [], "summary": {"covered_lines": 0, "num_statements": 0, "percent_covered": 100.0, "percent_covered_display": "100", "missing_lines": 0, "excluded_lines": 0, "percent_statements_covered": 100.0, "percent_statements_covered_display": "100"}, "missing_lines": [], "excluded_lines": [], "start_line": 151}, "ToolQuarantineRejectedEvent": {"executed_lines": [], "summary": {"covered_lines": 0, "num_statements": 0, "percent_covered": 100.0, "percent_covered_display": "100", "missing_lines": 0, "excluded_lines": 0, "percent_statements_covered": 100.0, "percent_statements_covered_display": "100"}, "missing_lines": [], "excluded_lines": [], "start_line": 158}, "PolicyReloadedEvent": {"executed_lines": [], "summary": {"covered_lines": 0, "num_statements": 0, "percent_covered": 100.0, "percent_covered_display": "100", "missing_lines": 0, "excluded_lines": 0, "percent_statements_covered": 100.0, "percent_statements_covered_display": "100"}, "missing_lines": [], "excluded_lines": [], "start_line": 164}, "ToolsReloadedEvent": {"executed_lines": [], "summary": {"covered_lines": 0, "num_statements": 0, "percent_covered": 100.0, "percent_covered_display": "100", "missing_lines": 0, "excluded_lines": 0, "percent_statements_covered": 100.0, "percent_statements_covered_display": "100"}, "missing_lines": [], "excluded_lines": [], "start_line": 169}, "": {"executed_lines": [5, 7, 8, 9, 11, 14, 15, 16, 17, 18, 21, 22, 23, 24, 32, 33, 36, 37, 38, 39, 42, 43, 44, 45, 46, 49, 57, 58, 59, 60, 61, 62, 63, 66, 74, 80, 81, 82, 83, 84, 85, 86, 87, 95, 96, 97, 98, 99, 100, 103, 104, 105, 106, 107, 108, 111, 112, 113, 114, 115, 118, 119, 120, 121, 122, 125, 126, 127, 128, 129, 130, 131, 134, 135, 136, 137, 138, 139, 142, 143, 144, 145, 146, 147, 148, 151, 152, 153, 154, 155, 158, 159, 160, 161, 164, 165, 166, 169, 170, 171, 172, 173, 174, 177, 191], "summary": {"covered_lines": 105, "num_statements": 105, "percent_covered": 100.0, "percent_covered_display": "100", "missing_lines": 0, "excluded_lines": 0, "percent_statements_covered": 100.0, "percent_statements_covered_display": "100"}, "missing_lines": [], "excluded_lines": [], "start_line": 1}}}}, "totals": {"covered_lines": 1609, "num_statements": 2675, "percent_covered": 60.149532710280376, "percent_covered_display": "60", "missing_lines": 1066, "excluded_lines": 45, "percent_statements_covered": 60.149532710280376, "percent_statements_covered_display": "60"}}